Using pre-set license
Built from '2021.1/china_unity/release' branch; Version is '2021.1.23f1c1 (459f52f28315) revision 4562770'; Using compiler version '192528614'; Build Type 'Release'
OS: 'Windows 10 Home China; OS build 22000.675; Version 2009; 64bit' Language: 'zh' Physical Memory: 32160 MB
BatchMode: 1, IsHumanControllingUs: 0, StartBugReporterOnCrash: 0, Is64bit: 1, IsPro: 0

COMMAND LINE ARGUMENTS:
C:\Program Files\Unity\Hub\Editor\2021.1.23f1c1\Editor\Unity.exe
-adb2
-batchMode
-noUpm
-name
AssetImportWorker0
-projectPath
C:/Users/Marcus/source/repos/GravityThief/Gravity Thief Pro
-logFile
Logs/AssetImportWorker0.log
-srvPort
61745
Successfully changed project path to: C:/Users/Marcus/source/repos/GravityThief/Gravity Thief Pro
C:/Users/Marcus/source/repos/GravityThief/Gravity Thief Pro
Using Asset Import Pipeline V2.
Refreshing native plugins compatible for Editor in 305.75 ms, found 4 plugins.
Preloading 0 native plugins for Editor in 0.00 ms.
Initialize engine version: 2021.1.23f1c1 (459f52f28315)
[Subsystems] Discovering subsystems at path C:/Program Files/Unity/Hub/Editor/2021.1.23f1c1/Editor/Data/Resources/UnitySubsystems
[Subsystems] Discovering subsystems at path C:/Users/Marcus/source/repos/GravityThief/Gravity Thief Pro/Assets
GfxDevice: creating device client; threaded=0; jobified=0
Direct3D:
    Version:  Direct3D 11.0 [level 11.1]
    Renderer: NVIDIA GeForce RTX 3080 Laptop GPU (ID=0x249c)
    Vendor:   NVIDIA
    VRAM:     16191 MB
    Driver:   31.0.15.2647
Initialize mono
Mono path[0] = 'C:/Program Files/Unity/Hub/Editor/2021.1.23f1c1/Editor/Data/Managed'
Mono path[1] = 'C:/Program Files/Unity/Hub/Editor/2021.1.23f1c1/Editor/Data/MonoBleedingEdge/lib/mono/unityjit'
Mono config path = 'C:/Program Files/Unity/Hub/Editor/2021.1.23f1c1/Editor/Data/MonoBleedingEdge/etc'
Using monoOptions --debugger-agent=transport=dt_socket,embedding=1,server=y,suspend=n,address=127.0.0.1:56128
Begin MonoManager ReloadAssembly
Registering precompiled unity dll's ...
Registered in 0.001137 seconds.
Refreshing native plugins compatible for Editor in 281.30 ms, found 4 plugins.
Preloading 0 native plugins for Editor in 0.00 ms.
Mono: successfully reloaded assembly
- Completed reload, in  1.403 seconds
Domain Reload Profiling:
	ReloadAssembly (1403ms)
		BeginReloadAssembly (56ms)
			ExecutionOrderSort (0ms)
			DisableScriptedObjects (0ms)
			BackupInstance (0ms)
			ReleaseScriptingObjects (0ms)
			CreateAndSetChildDomain (1ms)
		EndReloadAssembly (623ms)
			LoadAssemblies (54ms)
			RebuildTransferFunctionScriptingTraits (0ms)
			SetupTypeCache (136ms)
			ReleaseScriptCaches (0ms)
			RebuildScriptCaches (27ms)
			SetupLoadedEditorAssemblies (411ms)
				LogAssemblyErrors (0ms)
				InitializePlatformSupportModulesInManaged (2ms)
				SetLoadedEditorAssemblies (0ms)
				RefreshPlugins (281ms)
				BeforeProcessingInitializeOnLoad (1ms)
				ProcessInitializeOnLoadAttributes (92ms)
				ProcessInitializeOnLoadMethodAttributes (34ms)
				AfterProcessingInitializeOnLoad (0ms)
				EditorAssembliesLoaded (0ms)
			ExecutionOrderSort2 (0ms)
			AwakeInstancesAfterBackupRestoration (0ms)
Platform modules already initialized, skipping
Registering precompiled user dll's ...
Registered in 0.008986 seconds.
Begin MonoManager ReloadAssembly
Symbol file LoadedFromMemory doesn't match image C:\Users\Marcus\source\repos\GravityThief\Gravity Thief Pro\Library\PackageCache\com.unity.visualscripting@1.6.1\Editor\VisualScripting.Core\Dependencies\YamlDotNet\Unity.VisualScripting.YamlDotNet.dll
Symbol file LoadedFromMemory doesn't match image C:\Users\Marcus\source\repos\GravityThief\Gravity Thief Pro\Library\PackageCache\com.unity.visualscripting@1.6.1\Editor\VisualScripting.Core\Dependencies\DotNetZip\Unity.VisualScripting.IonicZip.dll
Refreshing native plugins compatible for Editor in 315.25 ms, found 4 plugins.
Preloading 0 native plugins for Editor in 0.00 ms.
Mono: successfully reloaded assembly
- Completed reload, in  1.811 seconds
Domain Reload Profiling:
	ReloadAssembly (1811ms)
		BeginReloadAssembly (166ms)
			ExecutionOrderSort (0ms)
			DisableScriptedObjects (5ms)
			BackupInstance (0ms)
			ReleaseScriptingObjects (0ms)
			CreateAndSetChildDomain (32ms)
		EndReloadAssembly (1585ms)
			LoadAssemblies (124ms)
			RebuildTransferFunctionScriptingTraits (0ms)
			SetupTypeCache (402ms)
			ReleaseScriptCaches (1ms)
			RebuildScriptCaches (123ms)
			SetupLoadedEditorAssemblies (822ms)
				LogAssemblyErrors (0ms)
				InitializePlatformSupportModulesInManaged (2ms)
				SetLoadedEditorAssemblies (0ms)
				RefreshPlugins (315ms)
				BeforeProcessingInitializeOnLoad (146ms)
				ProcessInitializeOnLoadAttributes (330ms)
				ProcessInitializeOnLoadMethodAttributes (23ms)
				AfterProcessingInitializeOnLoad (6ms)
				EditorAssembliesLoaded (0ms)
			ExecutionOrderSort2 (0ms)
			AwakeInstancesAfterBackupRestoration (8ms)
Platform modules already initialized, skipping
========================================================================
Worker process is ready to serve import requests
Launched and connected shader compiler UnityShaderCompiler.exe after 0.07 seconds
Refreshing native plugins compatible for Editor in 4.24 ms, found 4 plugins.
Preloading 0 native plugins for Editor in 0.00 ms.
Unloading 6212 Unused Serialized files (Serialized files now loaded: 0)
System memory in use before: 244.9 MB.
System memory in use after: 245.3 MB.

Unloading 32 unused Assets to reduce memory usage. Loaded Objects now: 6668.
Total: 5.401200 ms (FindLiveObjects: 0.633100 ms CreateObjectMapping: 0.559700 ms MarkObjects: 4.114800 ms  DeleteObjects: 0.092700 ms)

AssetImportParameters requested are different than current active one (requested -> active):
  custom:framework-win-MediaFoundation: 216162199b28c13a410421893ffa2e32 -> 
  custom:video-decoder-ogg-theora: a1e56fd34408186e4bbccfd4996cb3dc -> 
  custom:container-muxer-webm: aa71ff27fc2769a1b78a27578f13a17b -> 
  custom:container-demuxer-webm: 4f35f7cbe854078d1ac9338744f61a02 -> 
  custom:container-demuxer-ogg: 62fdf1f143b41e24485cea50d1cbac27 -> 
  custom:video-encoder-webm-vp8: eb34c28f22e8b96e1ab97ce403110664 -> 
  custom:video-codec-MediaFoundation-h265: 746d11721c4dcdbdad8f713fa42b33f4 -> 
  custom:video-decoder-webm-vp8: 9c59270c3fd7afecdb556c50c9e8de78 -> 
  custom:audio-decoder-ogg-vorbis: bf7c407c2cedff20999df2af8eb42d56 -> 
  custom:audio-encoder-webm-vorbis: bf7c407c2cedff20999df2af8eb42d56 -> 
========================================================================
Received Import Request.
  path: Assets/Level_4长城/4号_长城.prefab
  artifactKey: Guid(46f44608be33e594098759fb9629bf21) Importer(815301076,1909f56bfc062723c751e8b465ee728b)
Start importing Assets/Level_4长城/4号_长城.prefab using Guid(46f44608be33e594098759fb9629bf21) Importer(815301076,1909f56bfc062723c751e8b465ee728b)  -> (artifact id: '0d015db74a1c92c2219dc46750923260') in 0.299482 seconds 
========================================================================
Received Import Request.
  Time since last request: 0.000358 seconds.
  path: Assets/Level_4长城/长城背景.png
  artifactKey: Guid(601c4cf5d1c5ce84c9ee7be52e87bef0) Importer(815301076,1909f56bfc062723c751e8b465ee728b)
Start importing Assets/Level_4长城/长城背景.png using Guid(601c4cf5d1c5ce84c9ee7be52e87bef0) Importer(815301076,1909f56bfc062723c751e8b465ee728b)  -> (artifact id: 'a3542aad2cd23b71d42c1e15665571a0') in 0.056347 seconds 
========================================================================
Received Import Request.
  Time since last request: 0.000424 seconds.
  path: Assets/Level_4长城/4_Bk.mat
  artifactKey: Guid(697606655e96e5444bf13c6bde289f59) Importer(815301076,1909f56bfc062723c751e8b465ee728b)
Start importing Assets/Level_4长城/4_Bk.mat using Guid(697606655e96e5444bf13c6bde289f59) Importer(815301076,1909f56bfc062723c751e8b465ee728b)  -> (artifact id: '43d0ce643d1c773843e3fbe58a39b6f2') in 0.032741 seconds 
========================================================================
Received Import Request.
  Time since last request: 0.000353 seconds.
  path: Assets/Level_4长城/长城结构素材.PNG
  artifactKey: Guid(eef1315ddf34e414097a9fc4a29c4929) Importer(815301076,1909f56bfc062723c751e8b465ee728b)
Start importing Assets/Level_4长城/长城结构素材.PNG using Guid(eef1315ddf34e414097a9fc4a29c4929) Importer(815301076,1909f56bfc062723c751e8b465ee728b)  -> (artifact id: '19cad624cb4a1feb10f4c31d298ba09c') in 0.107600 seconds 
========================================================================
Received Import Request.
  Time since last request: 0.000349 seconds.
  path: Assets/Level_4长城/20211205-203003.png
  artifactKey: Guid(1815bc494401ced4687ec1636bd9ffda) Importer(815301076,1909f56bfc062723c751e8b465ee728b)
Start importing Assets/Level_4长城/20211205-203003.png using Guid(1815bc494401ced4687ec1636bd9ffda) Importer(815301076,1909f56bfc062723c751e8b465ee728b)  -> (artifact id: '89718e6db83882f42ac76c27dbbde4f9') in 0.039404 seconds 
========================================================================
Received Import Request.
  Time since last request: 0.000340 seconds.
  path: Assets/Level_4长城/箭.png
  artifactKey: Guid(b19bac07592a6cb4099620746b3c6fb8) Importer(815301076,1909f56bfc062723c751e8b465ee728b)
Start importing Assets/Level_4长城/箭.png using Guid(b19bac07592a6cb4099620746b3c6fb8) Importer(815301076,1909f56bfc062723c751e8b465ee728b)  -> (artifact id: 'b2116952c8f46b71a5775975798f877a') in 0.015665 seconds 
========================================================================
Received Import Request.
  Time since last request: 0.000363 seconds.
  path: Assets/Level_4长城/火把.png
  artifactKey: Guid(f807b81111666874b9056ad2f4ad5847) Importer(815301076,1909f56bfc062723c751e8b465ee728b)
Start importing Assets/Level_4长城/火把.png using Guid(f807b81111666874b9056ad2f4ad5847) Importer(815301076,1909f56bfc062723c751e8b465ee728b)  -> (artifact id: 'a2634ef7bb855b7cdd91308fb12be37a') in 0.025508 seconds 
========================================================================
Received Import Request.
  Time since last request: 0.000428 seconds.
  path: Assets/Level_4长城/长城结构素材 (1).PNG
  artifactKey: Guid(60537689fc95bbe4cb51f4a9fcd4a440) Importer(815301076,1909f56bfc062723c751e8b465ee728b)
Start importing Assets/Level_4长城/长城结构素材 (1).PNG using Guid(60537689fc95bbe4cb51f4a9fcd4a440) Importer(815301076,1909f56bfc062723c751e8b465ee728b)  -> (artifact id: '4ef962d97f3b03241a1b55359dfd5877') in 0.599521 seconds 
========================================================================
Received Import Request.
  Time since last request: 0.000346 seconds.
  path: Assets/Level_4长城/竹子地刺素材.png
  artifactKey: Guid(50a3071103ce9a9449338eceb5133c4c) Importer(815301076,1909f56bfc062723c751e8b465ee728b)
Start importing Assets/Level_4长城/竹子地刺素材.png using Guid(50a3071103ce9a9449338eceb5133c4c) Importer(815301076,1909f56bfc062723c751e8b465ee728b)  -> (artifact id: '094d9acf1e7c13da3fa8ab7bed930e96') in 0.018505 seconds 
========================================================================
Received Import Request.
  Time since last request: 0.000266 seconds.
  path: Assets/Level_4长城/火把 升级.png
  artifactKey: Guid(ee47704bad8c8374397abd399bd034ae) Importer(815301076,1909f56bfc062723c751e8b465ee728b)
Start importing Assets/Level_4长城/火把 升级.png using Guid(ee47704bad8c8374397abd399bd034ae) Importer(815301076,1909f56bfc062723c751e8b465ee728b)  -> (artifact id: 'e3031e9aeca85edc5375dbb531e5edc9') in 0.013080 seconds 
========================================================================
Received Prepare
Registering precompiled user dll's ...
Registered in 0.010769 seconds.
Begin MonoManager ReloadAssembly
Symbol file LoadedFromMemory doesn't match image C:\Users\Marcus\source\repos\GravityThief\Gravity Thief Pro\Library\PackageCache\com.unity.visualscripting@1.6.1\Editor\VisualScripting.Core\Dependencies\YamlDotNet\Unity.VisualScripting.YamlDotNet.dll
Symbol file LoadedFromMemory doesn't match image C:\Users\Marcus\source\repos\GravityThief\Gravity Thief Pro\Library\PackageCache\com.unity.visualscripting@1.6.1\Editor\VisualScripting.Core\Dependencies\DotNetZip\Unity.VisualScripting.IonicZip.dll
Refreshing native plugins compatible for Editor in 5.14 ms, found 4 plugins.
Preloading 0 native plugins for Editor in 0.00 ms.
Mono: successfully reloaded assembly
- Completed reload, in  1.604 seconds
Domain Reload Profiling:
	ReloadAssembly (1604ms)
		BeginReloadAssembly (188ms)
			ExecutionOrderSort (0ms)
			DisableScriptedObjects (7ms)
			BackupInstance (0ms)
			ReleaseScriptingObjects (0ms)
			CreateAndSetChildDomain (73ms)
		EndReloadAssembly (1342ms)
			LoadAssemblies (134ms)
			RebuildTransferFunctionScriptingTraits (0ms)
			SetupTypeCache (499ms)
			ReleaseScriptCaches (4ms)
			RebuildScriptCaches (71ms)
			SetupLoadedEditorAssemblies (466ms)
				LogAssemblyErrors (0ms)
				InitializePlatformSupportModulesInManaged (3ms)
				SetLoadedEditorAssemblies (0ms)
				RefreshPlugins (5ms)
				BeforeProcessingInitializeOnLoad (114ms)
				ProcessInitializeOnLoadAttributes (325ms)
				ProcessInitializeOnLoadMethodAttributes (12ms)
				AfterProcessingInitializeOnLoad (6ms)
				EditorAssembliesLoaded (0ms)
			ExecutionOrderSort2 (0ms)
			AwakeInstancesAfterBackupRestoration (18ms)
Platform modules already initialized, skipping
Refreshing native plugins compatible for Editor in 4.19 ms, found 4 plugins.
Preloading 0 native plugins for Editor in 0.00 ms.
Unloading 6067 Unused Serialized files (Serialized files now loaded: 0)
System memory in use before: 257.2 MB.
System memory in use after: 257.7 MB.

Unloading 20 unused Assets to reduce memory usage. Loaded Objects now: 6866.
Total: 5.426000 ms (FindLiveObjects: 0.673100 ms CreateObjectMapping: 0.439700 ms MarkObjects: 4.281400 ms  DeleteObjects: 0.030400 ms)

AssetImportParameters requested are different than current active one (requested -> active):
  custom:framework-win-MediaFoundation: 216162199b28c13a410421893ffa2e32 -> 
  custom:video-decoder-ogg-theora: a1e56fd34408186e4bbccfd4996cb3dc -> 
  custom:container-muxer-webm: aa71ff27fc2769a1b78a27578f13a17b -> 
  custom:container-demuxer-webm: 4f35f7cbe854078d1ac9338744f61a02 -> 
  custom:container-demuxer-ogg: 62fdf1f143b41e24485cea50d1cbac27 -> 
  custom:video-encoder-webm-vp8: eb34c28f22e8b96e1ab97ce403110664 -> 
  custom:video-codec-MediaFoundation-h265: 746d11721c4dcdbdad8f713fa42b33f4 -> 
  custom:video-decoder-webm-vp8: 9c59270c3fd7afecdb556c50c9e8de78 -> 
  custom:audio-decoder-ogg-vorbis: bf7c407c2cedff20999df2af8eb42d56 -> 
  custom:audio-encoder-webm-vorbis: bf7c407c2cedff20999df2af8eb42d56 -> 
========================================================================
Received Import Request.
  Time since last request: 158.385432 seconds.
  path: Assets/Asset used_WJH/Tiles_assets/Tiles_3 circls/3号圆球平台与高温岩浆.prefab
  artifactKey: Guid(e7276c03da526b74aac5200846407a33) Importer(815301076,1909f56bfc062723c751e8b465ee728b)
Start importing Assets/Asset used_WJH/Tiles_assets/Tiles_3 circls/3号圆球平台与高温岩浆.prefab using Guid(e7276c03da526b74aac5200846407a33) Importer(815301076,1909f56bfc062723c751e8b465ee728b)  -> (artifact id: 'a037470737adf0e7dbd5caf7f8c65536') in 0.103688 seconds 
========================================================================
Received Import Request.
  Time since last request: 0.000288 seconds.
  path: Assets/Asset used_WJH/Tiles_assets/3号场景 计算机终端与平台.prefab
  artifactKey: Guid(1fb6f4327b9d5c848b42834adc48db35) Importer(815301076,1909f56bfc062723c751e8b465ee728b)
Start importing Assets/Asset used_WJH/Tiles_assets/3号场景 计算机终端与平台.prefab using Guid(1fb6f4327b9d5c848b42834adc48db35) Importer(815301076,1909f56bfc062723c751e8b465ee728b)  -> (artifact id: '8a7d5ba78e9654d61ace8e59135b2779') in 0.535116 seconds 
========================================================================
Received Import Request.
  Time since last request: 0.000360 seconds.
  path: Assets/Asset used_WJH/Tiles_assets/3号场景_实验室_WJH.prefab
  artifactKey: Guid(1f6206b8f4184244aabad2ff2b3e928c) Importer(815301076,1909f56bfc062723c751e8b465ee728b)
Start importing Assets/Asset used_WJH/Tiles_assets/3号场景_实验室_WJH.prefab using Guid(1f6206b8f4184244aabad2ff2b3e928c) Importer(815301076,1909f56bfc062723c751e8b465ee728b)  -> (artifact id: '90baa2c2f0a18eb34e3a2a668f295cb9') in 0.453720 seconds 
========================================================================
Received Import Request.
  Time since last request: 0.000295 seconds.
  path: Assets/all_UI/UI/20211212-230345.png
  artifactKey: Guid(b2b79c9d624368842bc7c528f2a36b32) Importer(815301076,1909f56bfc062723c751e8b465ee728b)
Start importing Assets/all_UI/UI/20211212-230345.png using Guid(b2b79c9d624368842bc7c528f2a36b32) Importer(815301076,1909f56bfc062723c751e8b465ee728b)  -> (artifact id: 'd530f5ca3c55fbf4228b2ca1400a3c57') in 0.062350 seconds 
========================================================================
Received Prepare
Registering precompiled user dll's ...
Registered in 0.009323 seconds.
Begin MonoManager ReloadAssembly
Symbol file LoadedFromMemory doesn't match image C:\Users\Marcus\source\repos\GravityThief\Gravity Thief Pro\Library\PackageCache\com.unity.visualscripting@1.6.1\Editor\VisualScripting.Core\Dependencies\YamlDotNet\Unity.VisualScripting.YamlDotNet.dll
Symbol file LoadedFromMemory doesn't match image C:\Users\Marcus\source\repos\GravityThief\Gravity Thief Pro\Library\PackageCache\com.unity.visualscripting@1.6.1\Editor\VisualScripting.Core\Dependencies\DotNetZip\Unity.VisualScripting.IonicZip.dll
Refreshing native plugins compatible for Editor in 3.56 ms, found 4 plugins.
Preloading 0 native plugins for Editor in 0.00 ms.
Mono: successfully reloaded assembly
- Completed reload, in  1.163 seconds
Domain Reload Profiling:
	ReloadAssembly (1163ms)
		BeginReloadAssembly (139ms)
			ExecutionOrderSort (0ms)
			DisableScriptedObjects (7ms)
			BackupInstance (0ms)
			ReleaseScriptingObjects (0ms)
			CreateAndSetChildDomain (54ms)
		EndReloadAssembly (967ms)
			LoadAssemblies (104ms)
			RebuildTransferFunctionScriptingTraits (0ms)
			SetupTypeCache (356ms)
			ReleaseScriptCaches (2ms)
			RebuildScriptCaches (56ms)
			SetupLoadedEditorAssemblies (346ms)
				LogAssemblyErrors (0ms)
				InitializePlatformSupportModulesInManaged (2ms)
				SetLoadedEditorAssemblies (0ms)
				RefreshPlugins (4ms)
				BeforeProcessingInitializeOnLoad (96ms)
				ProcessInitializeOnLoadAttributes (229ms)
				ProcessInitializeOnLoadMethodAttributes (9ms)
				AfterProcessingInitializeOnLoad (5ms)
				EditorAssembliesLoaded (0ms)
			ExecutionOrderSort2 (0ms)
			AwakeInstancesAfterBackupRestoration (14ms)
Platform modules already initialized, skipping
Refreshing native plugins compatible for Editor in 3.78 ms, found 4 plugins.
Preloading 0 native plugins for Editor in 0.00 ms.
Unloading 6060 Unused Serialized files (Serialized files now loaded: 0)
System memory in use before: 273.5 MB.
System memory in use after: 274.0 MB.

Unloading 20 unused Assets to reduce memory usage. Loaded Objects now: 6887.
Total: 5.068500 ms (FindLiveObjects: 0.612800 ms CreateObjectMapping: 0.367000 ms MarkObjects: 4.065700 ms  DeleteObjects: 0.022100 ms)

AssetImportParameters requested are different than current active one (requested -> active):
  custom:framework-win-MediaFoundation: 216162199b28c13a410421893ffa2e32 -> 
  custom:video-decoder-ogg-theora: a1e56fd34408186e4bbccfd4996cb3dc -> 
  custom:container-muxer-webm: aa71ff27fc2769a1b78a27578f13a17b -> 
  custom:container-demuxer-webm: 4f35f7cbe854078d1ac9338744f61a02 -> 
  custom:container-demuxer-ogg: 62fdf1f143b41e24485cea50d1cbac27 -> 
  custom:video-encoder-webm-vp8: eb34c28f22e8b96e1ab97ce403110664 -> 
  custom:video-codec-MediaFoundation-h265: 746d11721c4dcdbdad8f713fa42b33f4 -> 
  custom:video-decoder-webm-vp8: 9c59270c3fd7afecdb556c50c9e8de78 -> 
  custom:audio-decoder-ogg-vorbis: bf7c407c2cedff20999df2af8eb42d56 -> 
  custom:audio-encoder-webm-vorbis: bf7c407c2cedff20999df2af8eb42d56 -> 
========================================================================
Received Import Request.
  Time since last request: 74.168383 seconds.
  path: Assets/Prefab/GameUI 1.prefab
  artifactKey: Guid(42e9cb356af26344b9bb9990ef0a3c55) Importer(815301076,1909f56bfc062723c751e8b465ee728b)
Start importing Assets/Prefab/GameUI 1.prefab using Guid(42e9cb356af26344b9bb9990ef0a3c55) Importer(815301076,1909f56bfc062723c751e8b465ee728b)  -> (artifact id: '0858978a86bd8aeb8adf4494c2410b24') in 0.090263 seconds 
========================================================================
Received Import Request.
  Time since last request: 12.823113 seconds.
  path: Assets/Prefab/GameUI 1.prefab
  artifactKey: Guid(42e9cb356af26344b9bb9990ef0a3c55) Importer(815301076,1909f56bfc062723c751e8b465ee728b)
Start importing Assets/Prefab/GameUI 1.prefab using Guid(42e9cb356af26344b9bb9990ef0a3c55) Importer(815301076,1909f56bfc062723c751e8b465ee728b)  -> (artifact id: '7454089fc5c8f7b0099174f2aaa85abe') in 0.025787 seconds 
========================================================================
Received Import Request.
  Time since last request: 0.822199 seconds.
  path: Assets/Prefab/GameUI 1.prefab
  artifactKey: Guid(42e9cb356af26344b9bb9990ef0a3c55) Importer(815301076,1909f56bfc062723c751e8b465ee728b)
Start importing Assets/Prefab/GameUI 1.prefab using Guid(42e9cb356af26344b9bb9990ef0a3c55) Importer(815301076,1909f56bfc062723c751e8b465ee728b)  -> (artifact id: 'a3a363deb6d43584cd511bce79ff735e') in 0.029448 seconds 
========================================================================
Received Import Request.
  Time since last request: 2.412325 seconds.
  path: Assets/Prefab/GameUI 1.prefab
  artifactKey: Guid(42e9cb356af26344b9bb9990ef0a3c55) Importer(815301076,1909f56bfc062723c751e8b465ee728b)
Start importing Assets/Prefab/GameUI 1.prefab using Guid(42e9cb356af26344b9bb9990ef0a3c55) Importer(815301076,1909f56bfc062723c751e8b465ee728b)  -> (artifact id: '9d5cb6ef460ed4e8b828e5b4fb69509e') in 0.025017 seconds 
========================================================================
Received Import Request.
  Time since last request: 2.588616 seconds.
  path: Assets/Prefab/GameUI 1.prefab
  artifactKey: Guid(42e9cb356af26344b9bb9990ef0a3c55) Importer(815301076,1909f56bfc062723c751e8b465ee728b)
Start importing Assets/Prefab/GameUI 1.prefab using Guid(42e9cb356af26344b9bb9990ef0a3c55) Importer(815301076,1909f56bfc062723c751e8b465ee728b)  -> (artifact id: '2bba205a5158e12c6e6b6170fc0e5e56') in 0.025074 seconds 
========================================================================
Received Import Request.
  Time since last request: 5.149890 seconds.
  path: Assets/Prefab/GameUI 1.prefab
  artifactKey: Guid(42e9cb356af26344b9bb9990ef0a3c55) Importer(815301076,1909f56bfc062723c751e8b465ee728b)
Start importing Assets/Prefab/GameUI 1.prefab using Guid(42e9cb356af26344b9bb9990ef0a3c55) Importer(815301076,1909f56bfc062723c751e8b465ee728b)  -> (artifact id: '2bced5d943f46eb8c2ccedce72f7ac0b') in 0.025194 seconds 
========================================================================
Received Import Request.
  Time since last request: 3.465529 seconds.
  path: Assets/Prefab/GameUI 1.prefab
  artifactKey: Guid(42e9cb356af26344b9bb9990ef0a3c55) Importer(815301076,1909f56bfc062723c751e8b465ee728b)
Start importing Assets/Prefab/GameUI 1.prefab using Guid(42e9cb356af26344b9bb9990ef0a3c55) Importer(815301076,1909f56bfc062723c751e8b465ee728b)  -> (artifact id: 'b74289017a461e7afb1fc923cef82edd') in 0.033253 seconds 
========================================================================
Received Import Request.
  Time since last request: 4.747609 seconds.
  path: Assets/Prefab/GameUI 1.prefab
  artifactKey: Guid(42e9cb356af26344b9bb9990ef0a3c55) Importer(815301076,1909f56bfc062723c751e8b465ee728b)
Start importing Assets/Prefab/GameUI 1.prefab using Guid(42e9cb356af26344b9bb9990ef0a3c55) Importer(815301076,1909f56bfc062723c751e8b465ee728b)  -> (artifact id: '2ab5d823e52e3f309750f4a71ae614a6') in 0.026461 seconds 
========================================================================
Received Import Request.
  Time since last request: 0.808455 seconds.
  path: Assets/Prefab/GameUI 1.prefab
  artifactKey: Guid(42e9cb356af26344b9bb9990ef0a3c55) Importer(815301076,1909f56bfc062723c751e8b465ee728b)
Start importing Assets/Prefab/GameUI 1.prefab using Guid(42e9cb356af26344b9bb9990ef0a3c55) Importer(815301076,1909f56bfc062723c751e8b465ee728b)  -> (artifact id: '9d4ad1ff72ac101960be9c11314841f3') in 0.027289 seconds 
========================================================================
Received Import Request.
  Time since last request: 2.281772 seconds.
  path: Assets/Prefab/GameUI 1.prefab
  artifactKey: Guid(42e9cb356af26344b9bb9990ef0a3c55) Importer(815301076,1909f56bfc062723c751e8b465ee728b)
Start importing Assets/Prefab/GameUI 1.prefab using Guid(42e9cb356af26344b9bb9990ef0a3c55) Importer(815301076,1909f56bfc062723c751e8b465ee728b)  -> (artifact id: 'b7409dbfcad507050c721ab9f316b351') in 0.029647 seconds 
========================================================================
Received Import Request.
  Time since last request: 9.556973 seconds.
  path: Assets/Prefab/GameUI 1.prefab
  artifactKey: Guid(42e9cb356af26344b9bb9990ef0a3c55) Importer(815301076,1909f56bfc062723c751e8b465ee728b)
Start importing Assets/Prefab/GameUI 1.prefab using Guid(42e9cb356af26344b9bb9990ef0a3c55) Importer(815301076,1909f56bfc062723c751e8b465ee728b)  -> (artifact id: '2d2bc2be3aa5b114863b754ff7a68b7f') in 0.030674 seconds 
========================================================================
Received Import Request.
  Time since last request: 3.793506 seconds.
  path: Assets/Prefab/GameUI 1.prefab
  artifactKey: Guid(42e9cb356af26344b9bb9990ef0a3c55) Importer(815301076,1909f56bfc062723c751e8b465ee728b)
Start importing Assets/Prefab/GameUI 1.prefab using Guid(42e9cb356af26344b9bb9990ef0a3c55) Importer(815301076,1909f56bfc062723c751e8b465ee728b)  -> (artifact id: '0e73a6b61eb2251492c39a23de05fb27') in 0.028594 seconds 
========================================================================
Received Import Request.
  Time since last request: 3.587428 seconds.
  path: Assets/Prefab/GameUI 1.prefab
  artifactKey: Guid(42e9cb356af26344b9bb9990ef0a3c55) Importer(815301076,1909f56bfc062723c751e8b465ee728b)
Start importing Assets/Prefab/GameUI 1.prefab using Guid(42e9cb356af26344b9bb9990ef0a3c55) Importer(815301076,1909f56bfc062723c751e8b465ee728b)  -> (artifact id: 'bcc6aa9a3b54fac4295e00c13a010eb2') in 0.031635 seconds 
========================================================================
Received Import Request.
  Time since last request: 159.603858 seconds.
  path: Assets/Scripts/player.cs
  artifactKey: Guid(d56c39fd3b0ab6341b3029c312944348) Importer(815301076,1909f56bfc062723c751e8b465ee728b)
Start importing Assets/Scripts/player.cs using Guid(d56c39fd3b0ab6341b3029c312944348) Importer(815301076,1909f56bfc062723c751e8b465ee728b)  -> (artifact id: '04cb56f729c029d0e3dbc5903a66f1bb') in 0.011401 seconds 
========================================================================
Received Prepare
Registering precompiled user dll's ...
Registered in 0.009560 seconds.
Begin MonoManager ReloadAssembly
Symbol file LoadedFromMemory doesn't match image C:\Users\Marcus\source\repos\GravityThief\Gravity Thief Pro\Library\PackageCache\com.unity.visualscripting@1.6.1\Editor\VisualScripting.Core\Dependencies\YamlDotNet\Unity.VisualScripting.YamlDotNet.dll
Symbol file LoadedFromMemory doesn't match image C:\Users\Marcus\source\repos\GravityThief\Gravity Thief Pro\Library\PackageCache\com.unity.visualscripting@1.6.1\Editor\VisualScripting.Core\Dependencies\DotNetZip\Unity.VisualScripting.IonicZip.dll
Refreshing native plugins compatible for Editor in 4.16 ms, found 4 plugins.
Preloading 0 native plugins for Editor in 0.00 ms.
Mono: successfully reloaded assembly
- Completed reload, in  1.350 seconds
Domain Reload Profiling:
	ReloadAssembly (1350ms)
		BeginReloadAssembly (165ms)
			ExecutionOrderSort (0ms)
			DisableScriptedObjects (8ms)
			BackupInstance (0ms)
			ReleaseScriptingObjects (0ms)
			CreateAndSetChildDomain (66ms)
		EndReloadAssembly (1127ms)
			LoadAssemblies (120ms)
			RebuildTransferFunctionScriptingTraits (0ms)
			SetupTypeCache (410ms)
			ReleaseScriptCaches (2ms)
			RebuildScriptCaches (69ms)
			SetupLoadedEditorAssemblies (412ms)
				LogAssemblyErrors (0ms)
				InitializePlatformSupportModulesInManaged (2ms)
				SetLoadedEditorAssemblies (0ms)
				RefreshPlugins (4ms)
				BeforeProcessingInitializeOnLoad (116ms)
				ProcessInitializeOnLoadAttributes (272ms)
				ProcessInitializeOnLoadMethodAttributes (11ms)
				AfterProcessingInitializeOnLoad (7ms)
				EditorAssembliesLoaded (0ms)
			ExecutionOrderSort2 (0ms)
			AwakeInstancesAfterBackupRestoration (18ms)
Platform modules already initialized, skipping
Refreshing native plugins compatible for Editor in 4.18 ms, found 4 plugins.
Preloading 0 native plugins for Editor in 0.00 ms.
Unloading 6059 Unused Serialized files (Serialized files now loaded: 0)
System memory in use before: 273.6 MB.
System memory in use after: 274.1 MB.

Unloading 21 unused Assets to reduce memory usage. Loaded Objects now: 6892.
Total: 5.969000 ms (FindLiveObjects: 0.661600 ms CreateObjectMapping: 0.620000 ms MarkObjects: 4.641900 ms  DeleteObjects: 0.043600 ms)

AssetImportParameters requested are different than current active one (requested -> active):
  custom:framework-win-MediaFoundation: 216162199b28c13a410421893ffa2e32 -> 
  custom:video-decoder-ogg-theora: a1e56fd34408186e4bbccfd4996cb3dc -> 
  custom:container-muxer-webm: aa71ff27fc2769a1b78a27578f13a17b -> 
  custom:container-demuxer-webm: 4f35f7cbe854078d1ac9338744f61a02 -> 
  custom:container-demuxer-ogg: 62fdf1f143b41e24485cea50d1cbac27 -> 
  custom:video-encoder-webm-vp8: eb34c28f22e8b96e1ab97ce403110664 -> 
  custom:video-codec-MediaFoundation-h265: 746d11721c4dcdbdad8f713fa42b33f4 -> 
  custom:video-decoder-webm-vp8: 9c59270c3fd7afecdb556c50c9e8de78 -> 
  custom:audio-decoder-ogg-vorbis: bf7c407c2cedff20999df2af8eb42d56 -> 
  custom:audio-encoder-webm-vorbis: bf7c407c2cedff20999df2af8eb42d56 -> 
========================================================================
Received Import Request.
  Time since last request: 148.542386 seconds.
  path: Assets/Prefab/GameUI 1.prefab
  artifactKey: Guid(42e9cb356af26344b9bb9990ef0a3c55) Importer(815301076,1909f56bfc062723c751e8b465ee728b)
Start importing Assets/Prefab/GameUI 1.prefab using Guid(42e9cb356af26344b9bb9990ef0a3c55) Importer(815301076,1909f56bfc062723c751e8b465ee728b)  -> (artifact id: '586a7c5beceb5b74a855193c2faefa78') in 0.073632 seconds 
========================================================================
Received Import Request.
  Time since last request: 221.372443 seconds.
  path: Assets/Prefab/GameUI 1.prefab
  artifactKey: Guid(42e9cb356af26344b9bb9990ef0a3c55) Importer(815301076,1909f56bfc062723c751e8b465ee728b)
Start importing Assets/Prefab/GameUI 1.prefab using Guid(42e9cb356af26344b9bb9990ef0a3c55) Importer(815301076,1909f56bfc062723c751e8b465ee728b)  -> (artifact id: '4934a473ffde29881f323d2447c98287') in 0.026283 seconds 
========================================================================
Received Import Request.
  Time since last request: 6.282809 seconds.
  path: Assets/Prefab/GameUI 1.prefab
  artifactKey: Guid(42e9cb356af26344b9bb9990ef0a3c55) Importer(815301076,1909f56bfc062723c751e8b465ee728b)
Start importing Assets/Prefab/GameUI 1.prefab using Guid(42e9cb356af26344b9bb9990ef0a3c55) Importer(815301076,1909f56bfc062723c751e8b465ee728b)  -> (artifact id: '97872991a5100dc9d7320f2bd4392087') in 0.026063 seconds 
========================================================================
Received Import Request.
  Time since last request: 8.463138 seconds.
  path: Assets/Prefab/GameUI 1.prefab
  artifactKey: Guid(42e9cb356af26344b9bb9990ef0a3c55) Importer(815301076,1909f56bfc062723c751e8b465ee728b)
Start importing Assets/Prefab/GameUI 1.prefab using Guid(42e9cb356af26344b9bb9990ef0a3c55) Importer(815301076,1909f56bfc062723c751e8b465ee728b)  -> (artifact id: 'c9dd24646ae1e0e75df330ad4219d6c0') in 0.030292 seconds 
========================================================================
Received Import Request.
  Time since last request: 11.667693 seconds.
  path: Assets/Prefab/GameUI 1.prefab
  artifactKey: Guid(42e9cb356af26344b9bb9990ef0a3c55) Importer(815301076,1909f56bfc062723c751e8b465ee728b)
Start importing Assets/Prefab/GameUI 1.prefab using Guid(42e9cb356af26344b9bb9990ef0a3c55) Importer(815301076,1909f56bfc062723c751e8b465ee728b)  -> (artifact id: '31db8da6fa53423d2a853d8d84d62344') in 0.026162 seconds 
========================================================================
Received Import Request.
  Time since last request: 13.169648 seconds.
  path: Assets/Prefab/GameUI 1.prefab
  artifactKey: Guid(42e9cb356af26344b9bb9990ef0a3c55) Importer(815301076,1909f56bfc062723c751e8b465ee728b)
Start importing Assets/Prefab/GameUI 1.prefab using Guid(42e9cb356af26344b9bb9990ef0a3c55) Importer(815301076,1909f56bfc062723c751e8b465ee728b)  -> (artifact id: '7b5d98a5c0b5bcecc558deae930d8ea3') in 0.027694 seconds 
========================================================================
Received Import Request.
  Time since last request: 10.232937 seconds.
  path: Assets/Prefab/GameUI 1.prefab
  artifactKey: Guid(42e9cb356af26344b9bb9990ef0a3c55) Importer(815301076,1909f56bfc062723c751e8b465ee728b)
Start importing Assets/Prefab/GameUI 1.prefab using Guid(42e9cb356af26344b9bb9990ef0a3c55) Importer(815301076,1909f56bfc062723c751e8b465ee728b)  -> (artifact id: '30e16728545070fc3b7bc38dcc0e44fe') in 0.024960 seconds 
========================================================================
Received Import Request.
  Time since last request: 14.183142 seconds.
  path: Assets/Prefab/GameUI 1.prefab
  artifactKey: Guid(42e9cb356af26344b9bb9990ef0a3c55) Importer(815301076,1909f56bfc062723c751e8b465ee728b)
Start importing Assets/Prefab/GameUI 1.prefab using Guid(42e9cb356af26344b9bb9990ef0a3c55) Importer(815301076,1909f56bfc062723c751e8b465ee728b)  -> (artifact id: '07fee9c9af28ad58e2e1a40c7f54c3be') in 0.027149 seconds 
========================================================================
Received Import Request.
  Time since last request: 12.346390 seconds.
  path: Assets/Prefab/GameUI 1.prefab
  artifactKey: Guid(42e9cb356af26344b9bb9990ef0a3c55) Importer(815301076,1909f56bfc062723c751e8b465ee728b)
Start importing Assets/Prefab/GameUI 1.prefab using Guid(42e9cb356af26344b9bb9990ef0a3c55) Importer(815301076,1909f56bfc062723c751e8b465ee728b)  -> (artifact id: 'd8db9df137acd5baf1f2ef7937dfbc38') in 0.026461 seconds 
========================================================================
Received Import Request.
  Time since last request: 42.064836 seconds.
  path: Assets/Prefab/GameUI 1.prefab
  artifactKey: Guid(42e9cb356af26344b9bb9990ef0a3c55) Importer(815301076,1909f56bfc062723c751e8b465ee728b)
Start importing Assets/Prefab/GameUI 1.prefab using Guid(42e9cb356af26344b9bb9990ef0a3c55) Importer(815301076,1909f56bfc062723c751e8b465ee728b)  -> (artifact id: '34b6e0e96aa9647e332b305094c4ada9') in 0.024289 seconds 
========================================================================
Received Prepare
Registering precompiled user dll's ...
Registered in 0.009370 seconds.
Begin MonoManager ReloadAssembly
Symbol file LoadedFromMemory doesn't match image C:\Users\Marcus\source\repos\GravityThief\Gravity Thief Pro\Library\PackageCache\com.unity.visualscripting@1.6.1\Editor\VisualScripting.Core\Dependencies\YamlDotNet\Unity.VisualScripting.YamlDotNet.dll
Symbol file LoadedFromMemory doesn't match image C:\Users\Marcus\source\repos\GravityThief\Gravity Thief Pro\Library\PackageCache\com.unity.visualscripting@1.6.1\Editor\VisualScripting.Core\Dependencies\DotNetZip\Unity.VisualScripting.IonicZip.dll
Refreshing native plugins compatible for Editor in 3.73 ms, found 4 plugins.
Preloading 0 native plugins for Editor in 0.00 ms.
Mono: successfully reloaded assembly
- Completed reload, in  1.176 seconds
Domain Reload Profiling:
	ReloadAssembly (1176ms)
		BeginReloadAssembly (138ms)
			ExecutionOrderSort (0ms)
			DisableScriptedObjects (9ms)
			BackupInstance (0ms)
			ReleaseScriptingObjects (0ms)
			CreateAndSetChildDomain (54ms)
		EndReloadAssembly (984ms)
			LoadAssemblies (106ms)
			RebuildTransferFunctionScriptingTraits (0ms)
			SetupTypeCache (354ms)
			ReleaseScriptCaches (2ms)
			RebuildScriptCaches (63ms)
			SetupLoadedEditorAssemblies (356ms)
				LogAssemblyErrors (0ms)
				InitializePlatformSupportModulesInManaged (2ms)
				SetLoadedEditorAssemblies (0ms)
				RefreshPlugins (4ms)
				BeforeProcessingInitializeOnLoad (98ms)
				ProcessInitializeOnLoadAttributes (237ms)
				ProcessInitializeOnLoadMethodAttributes (9ms)
				AfterProcessingInitializeOnLoad (7ms)
				EditorAssembliesLoaded (0ms)
			ExecutionOrderSort2 (0ms)
			AwakeInstancesAfterBackupRestoration (15ms)
Platform modules already initialized, skipping
Refreshing native plugins compatible for Editor in 6.61 ms, found 4 plugins.
Preloading 0 native plugins for Editor in 0.00 ms.
Unloading 6059 Unused Serialized files (Serialized files now loaded: 0)
System memory in use before: 273.7 MB.
System memory in use after: 274.2 MB.

Unloading 21 unused Assets to reduce memory usage. Loaded Objects now: 6895.
Total: 7.233400 ms (FindLiveObjects: 0.944500 ms CreateObjectMapping: 0.630900 ms MarkObjects: 5.610200 ms  DeleteObjects: 0.045700 ms)

AssetImportParameters requested are different than current active one (requested -> active):
  custom:framework-win-MediaFoundation: 216162199b28c13a410421893ffa2e32 -> 
  custom:video-decoder-ogg-theora: a1e56fd34408186e4bbccfd4996cb3dc -> 
  custom:container-muxer-webm: aa71ff27fc2769a1b78a27578f13a17b -> 
  custom:container-demuxer-webm: 4f35f7cbe854078d1ac9338744f61a02 -> 
  custom:container-demuxer-ogg: 62fdf1f143b41e24485cea50d1cbac27 -> 
  custom:video-encoder-webm-vp8: eb34c28f22e8b96e1ab97ce403110664 -> 
  custom:video-codec-MediaFoundation-h265: 746d11721c4dcdbdad8f713fa42b33f4 -> 
  custom:video-decoder-webm-vp8: 9c59270c3fd7afecdb556c50c9e8de78 -> 
  custom:audio-decoder-ogg-vorbis: bf7c407c2cedff20999df2af8eb42d56 -> 
  custom:audio-encoder-webm-vorbis: bf7c407c2cedff20999df2af8eb42d56 -> 
========================================================================
Received Import Request.
  Time since last request: 38.600464 seconds.
  path: Assets/Prefab/GameUI 1.prefab
  artifactKey: Guid(42e9cb356af26344b9bb9990ef0a3c55) Importer(815301076,1909f56bfc062723c751e8b465ee728b)
Start importing Assets/Prefab/GameUI 1.prefab using Guid(42e9cb356af26344b9bb9990ef0a3c55) Importer(815301076,1909f56bfc062723c751e8b465ee728b)  -> (artifact id: '469129a77fe3e2b4b5d95e5be5f5d380') in 0.074187 seconds 
========================================================================
Received Import Request.
  Time since last request: 4.223253 seconds.
  path: Assets/Prefab/GameUI 1.prefab
  artifactKey: Guid(42e9cb356af26344b9bb9990ef0a3c55) Importer(815301076,1909f56bfc062723c751e8b465ee728b)
Start importing Assets/Prefab/GameUI 1.prefab using Guid(42e9cb356af26344b9bb9990ef0a3c55) Importer(815301076,1909f56bfc062723c751e8b465ee728b)  -> (artifact id: '70bf6eae684bb9ffd6dca69b76060966') in 0.025011 seconds 
========================================================================
Received Import Request.
  Time since last request: 1.653575 seconds.
  path: Assets/Prefab/GameUI 1.prefab
  artifactKey: Guid(42e9cb356af26344b9bb9990ef0a3c55) Importer(815301076,1909f56bfc062723c751e8b465ee728b)
Start importing Assets/Prefab/GameUI 1.prefab using Guid(42e9cb356af26344b9bb9990ef0a3c55) Importer(815301076,1909f56bfc062723c751e8b465ee728b)  -> (artifact id: '5cb7d22c687622bfad59a0ca3ea114c0') in 0.025756 seconds 
========================================================================
Received Import Request.
  Time since last request: 3.610790 seconds.
  path: Assets/Prefab/GameUI 1.prefab
  artifactKey: Guid(42e9cb356af26344b9bb9990ef0a3c55) Importer(815301076,1909f56bfc062723c751e8b465ee728b)
Start importing Assets/Prefab/GameUI 1.prefab using Guid(42e9cb356af26344b9bb9990ef0a3c55) Importer(815301076,1909f56bfc062723c751e8b465ee728b)  -> (artifact id: 'f0dd35634a7a235c8938c9319f4d12df') in 0.026032 seconds 
========================================================================
Received Import Request.
  Time since last request: 2.217460 seconds.
  path: Assets/Prefab/GameUI 1.prefab
  artifactKey: Guid(42e9cb356af26344b9bb9990ef0a3c55) Importer(815301076,1909f56bfc062723c751e8b465ee728b)
Start importing Assets/Prefab/GameUI 1.prefab using Guid(42e9cb356af26344b9bb9990ef0a3c55) Importer(815301076,1909f56bfc062723c751e8b465ee728b)  -> (artifact id: 'be84bb8be17a4308d19666712da0d553') in 0.029071 seconds 
========================================================================
Received Import Request.
  Time since last request: 2.433140 seconds.
  path: Assets/Prefab/GameUI 1.prefab
  artifactKey: Guid(42e9cb356af26344b9bb9990ef0a3c55) Importer(815301076,1909f56bfc062723c751e8b465ee728b)
Start importing Assets/Prefab/GameUI 1.prefab using Guid(42e9cb356af26344b9bb9990ef0a3c55) Importer(815301076,1909f56bfc062723c751e8b465ee728b)  -> (artifact id: 'e8fc3da258a1d1b42c05fab1b9399199') in 0.025629 seconds 
========================================================================
Received Import Request.
  Time since last request: 2.433108 seconds.
  path: Assets/Prefab/GameUI 1.prefab
  artifactKey: Guid(42e9cb356af26344b9bb9990ef0a3c55) Importer(815301076,1909f56bfc062723c751e8b465ee728b)
Start importing Assets/Prefab/GameUI 1.prefab using Guid(42e9cb356af26344b9bb9990ef0a3c55) Importer(815301076,1909f56bfc062723c751e8b465ee728b)  -> (artifact id: '58d23856c84f47e0924210738320a3a0') in 0.025877 seconds 
========================================================================
Received Prepare
Registering precompiled user dll's ...
Registered in 0.009010 seconds.
Begin MonoManager ReloadAssembly
Symbol file LoadedFromMemory doesn't match image C:\Users\Marcus\source\repos\GravityThief\Gravity Thief Pro\Library\PackageCache\com.unity.visualscripting@1.6.1\Editor\VisualScripting.Core\Dependencies\YamlDotNet\Unity.VisualScripting.YamlDotNet.dll
Symbol file LoadedFromMemory doesn't match image C:\Users\Marcus\source\repos\GravityThief\Gravity Thief Pro\Library\PackageCache\com.unity.visualscripting@1.6.1\Editor\VisualScripting.Core\Dependencies\DotNetZip\Unity.VisualScripting.IonicZip.dll
Refreshing native plugins compatible for Editor in 4.01 ms, found 4 plugins.
Preloading 0 native plugins for Editor in 0.00 ms.
Mono: successfully reloaded assembly
- Completed reload, in  1.174 seconds
Domain Reload Profiling:
	ReloadAssembly (1174ms)
		BeginReloadAssembly (138ms)
			ExecutionOrderSort (0ms)
			DisableScriptedObjects (8ms)
			BackupInstance (0ms)
			ReleaseScriptingObjects (0ms)
			CreateAndSetChildDomain (59ms)
		EndReloadAssembly (982ms)
			LoadAssemblies (107ms)
			RebuildTransferFunctionScriptingTraits (0ms)
			SetupTypeCache (347ms)
			ReleaseScriptCaches (2ms)
			RebuildScriptCaches (56ms)
			SetupLoadedEditorAssemblies (369ms)
				LogAssemblyErrors (0ms)
				InitializePlatformSupportModulesInManaged (2ms)
				SetLoadedEditorAssemblies (0ms)
				RefreshPlugins (4ms)
				BeforeProcessingInitializeOnLoad (93ms)
				ProcessInitializeOnLoadAttributes (254ms)
				ProcessInitializeOnLoadMethodAttributes (10ms)
				AfterProcessingInitializeOnLoad (6ms)
				EditorAssembliesLoaded (0ms)
			ExecutionOrderSort2 (0ms)
			AwakeInstancesAfterBackupRestoration (16ms)
Platform modules already initialized, skipping
Refreshing native plugins compatible for Editor in 3.79 ms, found 4 plugins.
Preloading 0 native plugins for Editor in 0.00 ms.
Unloading 6059 Unused Serialized files (Serialized files now loaded: 0)
System memory in use before: 273.7 MB.
System memory in use after: 274.2 MB.

Unloading 21 unused Assets to reduce memory usage. Loaded Objects now: 6898.
Total: 5.489700 ms (FindLiveObjects: 0.794300 ms CreateObjectMapping: 0.469300 ms MarkObjects: 4.193600 ms  DeleteObjects: 0.031400 ms)

AssetImportParameters requested are different than current active one (requested -> active):
  custom:framework-win-MediaFoundation: 216162199b28c13a410421893ffa2e32 -> 
  custom:video-decoder-ogg-theora: a1e56fd34408186e4bbccfd4996cb3dc -> 
  custom:container-muxer-webm: aa71ff27fc2769a1b78a27578f13a17b -> 
  custom:container-demuxer-webm: 4f35f7cbe854078d1ac9338744f61a02 -> 
  custom:container-demuxer-ogg: 62fdf1f143b41e24485cea50d1cbac27 -> 
  custom:video-encoder-webm-vp8: eb34c28f22e8b96e1ab97ce403110664 -> 
  custom:video-codec-MediaFoundation-h265: 746d11721c4dcdbdad8f713fa42b33f4 -> 
  custom:video-decoder-webm-vp8: 9c59270c3fd7afecdb556c50c9e8de78 -> 
  custom:audio-decoder-ogg-vorbis: bf7c407c2cedff20999df2af8eb42d56 -> 
  custom:audio-encoder-webm-vorbis: bf7c407c2cedff20999df2af8eb42d56 -> 
========================================================================
Received Import Request.
  Time since last request: 104.535498 seconds.
  path: Assets/Prefab/GameUI 1.prefab
  artifactKey: Guid(42e9cb356af26344b9bb9990ef0a3c55) Importer(815301076,1909f56bfc062723c751e8b465ee728b)
Start importing Assets/Prefab/GameUI 1.prefab using Guid(42e9cb356af26344b9bb9990ef0a3c55) Importer(815301076,1909f56bfc062723c751e8b465ee728b)  -> (artifact id: 'c318ca9f976261dd45c540e434349c03') in 0.077341 seconds 
========================================================================
Received Import Request.
  Time since last request: 86.945796 seconds.
  path: Assets/Prefab/GameUI 1.prefab
  artifactKey: Guid(42e9cb356af26344b9bb9990ef0a3c55) Importer(815301076,1909f56bfc062723c751e8b465ee728b)
Start importing Assets/Prefab/GameUI 1.prefab using Guid(42e9cb356af26344b9bb9990ef0a3c55) Importer(815301076,1909f56bfc062723c751e8b465ee728b)  -> (artifact id: '7549fe277ce46b867891c0c8b8559b8f') in 0.031641 seconds 
========================================================================
Received Import Request.
  Time since last request: 3.839310 seconds.
  path: Assets/Prefab/GameUI 1.prefab
  artifactKey: Guid(42e9cb356af26344b9bb9990ef0a3c55) Importer(815301076,1909f56bfc062723c751e8b465ee728b)
Start importing Assets/Prefab/GameUI 1.prefab using Guid(42e9cb356af26344b9bb9990ef0a3c55) Importer(815301076,1909f56bfc062723c751e8b465ee728b)  -> (artifact id: 'fb759561d1481ccffc2eaa498863db73') in 0.031121 seconds 
========================================================================
Received Import Request.
  Time since last request: 5.675476 seconds.
  path: Assets/Prefab/GameUI 1.prefab
  artifactKey: Guid(42e9cb356af26344b9bb9990ef0a3c55) Importer(815301076,1909f56bfc062723c751e8b465ee728b)
Start importing Assets/Prefab/GameUI 1.prefab using Guid(42e9cb356af26344b9bb9990ef0a3c55) Importer(815301076,1909f56bfc062723c751e8b465ee728b)  -> (artifact id: '52612975028b604d537e726d52c0b504') in 0.025577 seconds 
========================================================================
Received Import Request.
  Time since last request: 18.510299 seconds.
  path: Assets/Prefab/GameUI 1.prefab
  artifactKey: Guid(42e9cb356af26344b9bb9990ef0a3c55) Importer(815301076,1909f56bfc062723c751e8b465ee728b)
Start importing Assets/Prefab/GameUI 1.prefab using Guid(42e9cb356af26344b9bb9990ef0a3c55) Importer(815301076,1909f56bfc062723c751e8b465ee728b)  -> (artifact id: '001dc10df55dbf6b1c3f2896a53186c1') in 0.025673 seconds 
========================================================================
Received Import Request.
  Time since last request: 38.681010 seconds.
  path: Assets/Prefab/GameUI 1.prefab
  artifactKey: Guid(42e9cb356af26344b9bb9990ef0a3c55) Importer(815301076,1909f56bfc062723c751e8b465ee728b)
Start importing Assets/Prefab/GameUI 1.prefab using Guid(42e9cb356af26344b9bb9990ef0a3c55) Importer(815301076,1909f56bfc062723c751e8b465ee728b)  -> (artifact id: '3bd514abe04e54a7e093cebfe58aef23') in 0.027881 seconds 
========================================================================
Received Import Request.
  Time since last request: 38.975802 seconds.
  path: Assets/Prefab/GameUI 1.prefab
  artifactKey: Guid(42e9cb356af26344b9bb9990ef0a3c55) Importer(815301076,1909f56bfc062723c751e8b465ee728b)
Start importing Assets/Prefab/GameUI 1.prefab using Guid(42e9cb356af26344b9bb9990ef0a3c55) Importer(815301076,1909f56bfc062723c751e8b465ee728b)  -> (artifact id: 'e9b40790ccc23329a1605b617cad09b2') in 0.024617 seconds 
========================================================================
Received Import Request.
  Time since last request: 39.199179 seconds.
  path: Assets/Prefab/GameUI 1.prefab
  artifactKey: Guid(42e9cb356af26344b9bb9990ef0a3c55) Importer(815301076,1909f56bfc062723c751e8b465ee728b)
Start importing Assets/Prefab/GameUI 1.prefab using Guid(42e9cb356af26344b9bb9990ef0a3c55) Importer(815301076,1909f56bfc062723c751e8b465ee728b)  -> (artifact id: '84edf49879f904e60a5c38f4fe40058c') in 0.025021 seconds 
========================================================================
Received Import Request.
  Time since last request: 39.982697 seconds.
  path: Assets/Prefab/GameUI 1.prefab
  artifactKey: Guid(42e9cb356af26344b9bb9990ef0a3c55) Importer(815301076,1909f56bfc062723c751e8b465ee728b)
Start importing Assets/Prefab/GameUI 1.prefab using Guid(42e9cb356af26344b9bb9990ef0a3c55) Importer(815301076,1909f56bfc062723c751e8b465ee728b)  -> (artifact id: '323f46134bdb28290953d63f688977d6') in 0.030379 seconds 
========================================================================
Received Import Request.
  Time since last request: 76.949485 seconds.
  path: Assets/Prefab/GameUI 1.prefab
  artifactKey: Guid(42e9cb356af26344b9bb9990ef0a3c55) Importer(815301076,1909f56bfc062723c751e8b465ee728b)
Start importing Assets/Prefab/GameUI 1.prefab using Guid(42e9cb356af26344b9bb9990ef0a3c55) Importer(815301076,1909f56bfc062723c751e8b465ee728b)  -> (artifact id: '03e35c8efefb785d3a6d265e5e5afb22') in 0.027987 seconds 
========================================================================
Received Import Request.
  Time since last request: 1.034156 seconds.
  path: Assets/Prefab/GameUI 1.prefab
  artifactKey: Guid(42e9cb356af26344b9bb9990ef0a3c55) Importer(815301076,1909f56bfc062723c751e8b465ee728b)
Start importing Assets/Prefab/GameUI 1.prefab using Guid(42e9cb356af26344b9bb9990ef0a3c55) Importer(815301076,1909f56bfc062723c751e8b465ee728b)  -> (artifact id: 'fe23226affa0620c7e24329cd69d3a7a') in 0.026894 seconds 
========================================================================
Received Import Request.
  Time since last request: 13.829554 seconds.
  path: Assets/Prefab/GameUI 1.prefab
  artifactKey: Guid(42e9cb356af26344b9bb9990ef0a3c55) Importer(815301076,1909f56bfc062723c751e8b465ee728b)
Start importing Assets/Prefab/GameUI 1.prefab using Guid(42e9cb356af26344b9bb9990ef0a3c55) Importer(815301076,1909f56bfc062723c751e8b465ee728b)  -> (artifact id: 'cb59b16e9b60e240cb48a9a1714e6161') in 0.024429 seconds 
========================================================================
Received Import Request.
  Time since last request: 1.035375 seconds.
  path: Assets/Prefab/GameUI 1.prefab
  artifactKey: Guid(42e9cb356af26344b9bb9990ef0a3c55) Importer(815301076,1909f56bfc062723c751e8b465ee728b)
Start importing Assets/Prefab/GameUI 1.prefab using Guid(42e9cb356af26344b9bb9990ef0a3c55) Importer(815301076,1909f56bfc062723c751e8b465ee728b)  -> (artifact id: '2537480dd4113376a719d740a1eb4802') in 0.025503 seconds 
========================================================================
Received Prepare
Registering precompiled user dll's ...
Registered in 0.008954 seconds.
Begin MonoManager ReloadAssembly
Symbol file LoadedFromMemory doesn't match image C:\Users\Marcus\source\repos\GravityThief\Gravity Thief Pro\Library\PackageCache\com.unity.visualscripting@1.6.1\Editor\VisualScripting.Core\Dependencies\YamlDotNet\Unity.VisualScripting.YamlDotNet.dll
Symbol file LoadedFromMemory doesn't match image C:\Users\Marcus\source\repos\GravityThief\Gravity Thief Pro\Library\PackageCache\com.unity.visualscripting@1.6.1\Editor\VisualScripting.Core\Dependencies\DotNetZip\Unity.VisualScripting.IonicZip.dll
Refreshing native plugins compatible for Editor in 3.69 ms, found 4 plugins.
Preloading 0 native plugins for Editor in 0.00 ms.
Mono: successfully reloaded assembly
- Completed reload, in  1.192 seconds
Domain Reload Profiling:
	ReloadAssembly (1193ms)
		BeginReloadAssembly (143ms)
			ExecutionOrderSort (0ms)
			DisableScriptedObjects (9ms)
			BackupInstance (0ms)
			ReleaseScriptingObjects (0ms)
			CreateAndSetChildDomain (56ms)
		EndReloadAssembly (997ms)
			LoadAssemblies (112ms)
			RebuildTransferFunctionScriptingTraits (0ms)
			SetupTypeCache (355ms)
			ReleaseScriptCaches (3ms)
			RebuildScriptCaches (65ms)
			SetupLoadedEditorAssemblies (356ms)
				LogAssemblyErrors (0ms)
				InitializePlatformSupportModulesInManaged (2ms)
				SetLoadedEditorAssemblies (0ms)
				RefreshPlugins (4ms)
				BeforeProcessingInitializeOnLoad (92ms)
				ProcessInitializeOnLoadAttributes (241ms)
				ProcessInitializeOnLoadMethodAttributes (9ms)
				AfterProcessingInitializeOnLoad (6ms)
				EditorAssembliesLoaded (0ms)
			ExecutionOrderSort2 (0ms)
			AwakeInstancesAfterBackupRestoration (15ms)
Platform modules already initialized, skipping
Refreshing native plugins compatible for Editor in 4.21 ms, found 4 plugins.
Preloading 0 native plugins for Editor in 0.00 ms.
Unloading 6059 Unused Serialized files (Serialized files now loaded: 0)
System memory in use before: 273.7 MB.
System memory in use after: 274.2 MB.

Unloading 21 unused Assets to reduce memory usage. Loaded Objects now: 6901.
Total: 6.706300 ms (FindLiveObjects: 0.968200 ms CreateObjectMapping: 0.622700 ms MarkObjects: 5.061000 ms  DeleteObjects: 0.053000 ms)

AssetImportParameters requested are different than current active one (requested -> active):
  custom:framework-win-MediaFoundation: 216162199b28c13a410421893ffa2e32 -> 
  custom:video-decoder-ogg-theora: a1e56fd34408186e4bbccfd4996cb3dc -> 
  custom:container-muxer-webm: aa71ff27fc2769a1b78a27578f13a17b -> 
  custom:container-demuxer-webm: 4f35f7cbe854078d1ac9338744f61a02 -> 
  custom:container-demuxer-ogg: 62fdf1f143b41e24485cea50d1cbac27 -> 
  custom:video-encoder-webm-vp8: eb34c28f22e8b96e1ab97ce403110664 -> 
  custom:video-codec-MediaFoundation-h265: 746d11721c4dcdbdad8f713fa42b33f4 -> 
  custom:video-decoder-webm-vp8: 9c59270c3fd7afecdb556c50c9e8de78 -> 
  custom:audio-decoder-ogg-vorbis: bf7c407c2cedff20999df2af8eb42d56 -> 
  custom:audio-encoder-webm-vorbis: bf7c407c2cedff20999df2af8eb42d56 -> 
========================================================================
Received Import Request.
  Time since last request: 31.914590 seconds.
  path: Assets/Prefab/GameUI 1.prefab
  artifactKey: Guid(42e9cb356af26344b9bb9990ef0a3c55) Importer(815301076,1909f56bfc062723c751e8b465ee728b)
Start importing Assets/Prefab/GameUI 1.prefab using Guid(42e9cb356af26344b9bb9990ef0a3c55) Importer(815301076,1909f56bfc062723c751e8b465ee728b)  -> (artifact id: 'ba8c5b04043fee28907b7f2454573c46') in 0.070094 seconds 
========================================================================
Received Prepare
Registering precompiled user dll's ...
Registered in 0.009995 seconds.
Begin MonoManager ReloadAssembly
Symbol file LoadedFromMemory doesn't match image C:\Users\Marcus\source\repos\GravityThief\Gravity Thief Pro\Library\PackageCache\com.unity.visualscripting@1.6.1\Editor\VisualScripting.Core\Dependencies\YamlDotNet\Unity.VisualScripting.YamlDotNet.dll
Symbol file LoadedFromMemory doesn't match image C:\Users\Marcus\source\repos\GravityThief\Gravity Thief Pro\Library\PackageCache\com.unity.visualscripting@1.6.1\Editor\VisualScripting.Core\Dependencies\DotNetZip\Unity.VisualScripting.IonicZip.dll
Refreshing native plugins compatible for Editor in 4.55 ms, found 4 plugins.
Preloading 0 native plugins for Editor in 0.00 ms.
Mono: successfully reloaded assembly
- Completed reload, in  1.296 seconds
Domain Reload Profiling:
	ReloadAssembly (1297ms)
		BeginReloadAssembly (154ms)
			ExecutionOrderSort (0ms)
			DisableScriptedObjects (8ms)
			BackupInstance (0ms)
			ReleaseScriptingObjects (0ms)
			CreateAndSetChildDomain (53ms)
		EndReloadAssembly (1083ms)
			LoadAssemblies (118ms)
			RebuildTransferFunctionScriptingTraits (0ms)
			SetupTypeCache (388ms)
			ReleaseScriptCaches (3ms)
			RebuildScriptCaches (74ms)
			SetupLoadedEditorAssemblies (394ms)
				LogAssemblyErrors (0ms)
				InitializePlatformSupportModulesInManaged (3ms)
				SetLoadedEditorAssemblies (1ms)
				RefreshPlugins (5ms)
				BeforeProcessingInitializeOnLoad (101ms)
				ProcessInitializeOnLoadAttributes (268ms)
				ProcessInitializeOnLoadMethodAttributes (10ms)
				AfterProcessingInitializeOnLoad (6ms)
				EditorAssembliesLoaded (0ms)
			ExecutionOrderSort2 (0ms)
			AwakeInstancesAfterBackupRestoration (20ms)
Platform modules already initialized, skipping
Refreshing native plugins compatible for Editor in 4.15 ms, found 4 plugins.
Preloading 0 native plugins for Editor in 0.00 ms.
Unloading 6059 Unused Serialized files (Serialized files now loaded: 0)
System memory in use before: 273.8 MB.
System memory in use after: 274.2 MB.

Unloading 21 unused Assets to reduce memory usage. Loaded Objects now: 6904.
Total: 6.536200 ms (FindLiveObjects: 0.906900 ms CreateObjectMapping: 0.640200 ms MarkObjects: 4.940800 ms  DeleteObjects: 0.045900 ms)

AssetImportParameters requested are different than current active one (requested -> active):
  custom:framework-win-MediaFoundation: 216162199b28c13a410421893ffa2e32 -> 
  custom:video-decoder-ogg-theora: a1e56fd34408186e4bbccfd4996cb3dc -> 
  custom:container-muxer-webm: aa71ff27fc2769a1b78a27578f13a17b -> 
  custom:container-demuxer-webm: 4f35f7cbe854078d1ac9338744f61a02 -> 
  custom:container-demuxer-ogg: 62fdf1f143b41e24485cea50d1cbac27 -> 
  custom:video-encoder-webm-vp8: eb34c28f22e8b96e1ab97ce403110664 -> 
  custom:video-codec-MediaFoundation-h265: 746d11721c4dcdbdad8f713fa42b33f4 -> 
  custom:video-decoder-webm-vp8: 9c59270c3fd7afecdb556c50c9e8de78 -> 
  custom:audio-decoder-ogg-vorbis: bf7c407c2cedff20999df2af8eb42d56 -> 
  custom:audio-encoder-webm-vorbis: bf7c407c2cedff20999df2af8eb42d56 -> 
========================================================================
Received Import Request.
  Time since last request: 64.359740 seconds.
  path: Assets/Prefab/GameUI 1.prefab
  artifactKey: Guid(42e9cb356af26344b9bb9990ef0a3c55) Importer(815301076,1909f56bfc062723c751e8b465ee728b)
Start importing Assets/Prefab/GameUI 1.prefab using Guid(42e9cb356af26344b9bb9990ef0a3c55) Importer(815301076,1909f56bfc062723c751e8b465ee728b)  -> (artifact id: '1254229aa0d06db38b225229f9b81887') in 0.073442 seconds 
========================================================================
Received Import Request.
  Time since last request: 46.145697 seconds.
  path: Assets/Prefab/GameUI 1.prefab
  artifactKey: Guid(42e9cb356af26344b9bb9990ef0a3c55) Importer(815301076,1909f56bfc062723c751e8b465ee728b)
Start importing Assets/Prefab/GameUI 1.prefab using Guid(42e9cb356af26344b9bb9990ef0a3c55) Importer(815301076,1909f56bfc062723c751e8b465ee728b)  -> (artifact id: 'e1576fa0439ac33499b3b88f2b6d9df3') in 0.060734 seconds 
========================================================================
Received Import Request.
  Time since last request: 77.351057 seconds.
  path: Assets/Prefab/GameUI 1.prefab
  artifactKey: Guid(42e9cb356af26344b9bb9990ef0a3c55) Importer(815301076,1909f56bfc062723c751e8b465ee728b)
Start importing Assets/Prefab/GameUI 1.prefab using Guid(42e9cb356af26344b9bb9990ef0a3c55) Importer(815301076,1909f56bfc062723c751e8b465ee728b)  -> (artifact id: 'b690c7086d6e7f587df138c9b1ca5e8b') in 0.024608 seconds 
========================================================================
Received Import Request.
  Time since last request: 22.744631 seconds.
  path: Assets/Scenes/level1_tut.unity
  artifactKey: Guid(0ccb24d63e2a54942b1b7884b9f70737) Importer(815301076,1909f56bfc062723c751e8b465ee728b)
Start importing Assets/Scenes/level1_tut.unity using Guid(0ccb24d63e2a54942b1b7884b9f70737) Importer(815301076,1909f56bfc062723c751e8b465ee728b)  -> (artifact id: '85828263c78abff44d9ff2ce0432effe') in 0.004100 seconds 
AssetImportWorkerClient::OnTransportError - code=2 error=End of file
