Using pre-set license
Built from '2021.1/china_unity/release' branch; Version is '2021.1.23f1c1 (459f52f28315) revision 4562770'; Using compiler version '192528614'; Build Type 'Release'
OS: 'Windows 10 Home China; OS build 22000.675; Version 2009; 64bit' Language: 'zh' Physical Memory: 32160 MB
BatchMode: 1, IsHumanControllingUs: 0, StartBugReporterOnCrash: 0, Is64bit: 1, IsPro: 0

COMMAND LINE ARGUMENTS:
C:\Program Files\Unity\Hub\Editor\2021.1.23f1c1\Editor\Unity.exe
-adb2
-batchMode
-noUpm
-name
AssetImportWorker0
-projectPath
C:/Users/Marcus/source/repos/GravityThief/Gravity Thief Pro
-logFile
Logs/AssetImportWorker0.log
-srvPort
55031
Successfully changed project path to: C:/Users/Marcus/source/repos/GravityThief/Gravity Thief Pro
C:/Users/Marcus/source/repos/GravityThief/Gravity Thief Pro
Using Asset Import Pipeline V2.
Refreshing native plugins compatible for Editor in 337.43 ms, found 4 plugins.
Preloading 0 native plugins for Editor in 0.00 ms.
Initialize engine version: 2021.1.23f1c1 (459f52f28315)
[Subsystems] Discovering subsystems at path C:/Program Files/Unity/Hub/Editor/2021.1.23f1c1/Editor/Data/Resources/UnitySubsystems
[Subsystems] Discovering subsystems at path C:/Users/Marcus/source/repos/GravityThief/Gravity Thief Pro/Assets
GfxDevice: creating device client; threaded=0; jobified=0
Direct3D:
    Version:  Direct3D 11.0 [level 11.1]
    Renderer: NVIDIA GeForce RTX 3080 Laptop GPU (ID=0x249c)
    Vendor:   NVIDIA
    VRAM:     16191 MB
    Driver:   31.0.15.2647
Initialize mono
Mono path[0] = 'C:/Program Files/Unity/Hub/Editor/2021.1.23f1c1/Editor/Data/Managed'
Mono path[1] = 'C:/Program Files/Unity/Hub/Editor/2021.1.23f1c1/Editor/Data/MonoBleedingEdge/lib/mono/unityjit'
Mono config path = 'C:/Program Files/Unity/Hub/Editor/2021.1.23f1c1/Editor/Data/MonoBleedingEdge/etc'
Using monoOptions --debugger-agent=transport=dt_socket,embedding=1,server=y,suspend=n,address=127.0.0.1:56468
Begin MonoManager ReloadAssembly
Registering precompiled unity dll's ...
Registered in 0.001220 seconds.
Refreshing native plugins compatible for Editor in 318.36 ms, found 4 plugins.
Preloading 0 native plugins for Editor in 0.00 ms.
Mono: successfully reloaded assembly
- Completed reload, in  1.638 seconds
Domain Reload Profiling:
	ReloadAssembly (1638ms)
		BeginReloadAssembly (63ms)
			ExecutionOrderSort (0ms)
			DisableScriptedObjects (0ms)
			BackupInstance (0ms)
			ReleaseScriptingObjects (0ms)
			CreateAndSetChildDomain (1ms)
		EndReloadAssembly (710ms)
			LoadAssemblies (60ms)
			RebuildTransferFunctionScriptingTraits (0ms)
			SetupTypeCache (156ms)
			ReleaseScriptCaches (0ms)
			RebuildScriptCaches (33ms)
			SetupLoadedEditorAssemblies (468ms)
				LogAssemblyErrors (0ms)
				InitializePlatformSupportModulesInManaged (2ms)
				SetLoadedEditorAssemblies (0ms)
				RefreshPlugins (318ms)
				BeforeProcessingInitializeOnLoad (1ms)
				ProcessInitializeOnLoadAttributes (109ms)
				ProcessInitializeOnLoadMethodAttributes (36ms)
				AfterProcessingInitializeOnLoad (0ms)
				EditorAssembliesLoaded (0ms)
			ExecutionOrderSort2 (0ms)
			AwakeInstancesAfterBackupRestoration (0ms)
Platform modules already initialized, skipping
Registering precompiled user dll's ...
Registered in 0.011410 seconds.
Begin MonoManager ReloadAssembly
Symbol file LoadedFromMemory doesn't match image C:\Users\Marcus\source\repos\GravityThief\Gravity Thief Pro\Library\PackageCache\com.unity.visualscripting@1.6.1\Editor\VisualScripting.Core\Dependencies\YamlDotNet\Unity.VisualScripting.YamlDotNet.dll
Symbol file LoadedFromMemory doesn't match image C:\Users\Marcus\source\repos\GravityThief\Gravity Thief Pro\Library\PackageCache\com.unity.visualscripting@1.6.1\Editor\VisualScripting.Core\Dependencies\DotNetZip\Unity.VisualScripting.IonicZip.dll
Refreshing native plugins compatible for Editor in 425.67 ms, found 4 plugins.
Preloading 0 native plugins for Editor in 0.00 ms.
Mono: successfully reloaded assembly
- Completed reload, in  2.230 seconds
Domain Reload Profiling:
	ReloadAssembly (2231ms)
		BeginReloadAssembly (154ms)
			ExecutionOrderSort (0ms)
			DisableScriptedObjects (5ms)
			BackupInstance (0ms)
			ReleaseScriptingObjects (0ms)
			CreateAndSetChildDomain (26ms)
		EndReloadAssembly (2014ms)
			LoadAssemblies (115ms)
			RebuildTransferFunctionScriptingTraits (0ms)
			SetupTypeCache (425ms)
			ReleaseScriptCaches (1ms)
			RebuildScriptCaches (139ms)
			SetupLoadedEditorAssemblies (1193ms)
				LogAssemblyErrors (0ms)
				InitializePlatformSupportModulesInManaged (3ms)
				SetLoadedEditorAssemblies (0ms)
				RefreshPlugins (426ms)
				BeforeProcessingInitializeOnLoad (195ms)
				ProcessInitializeOnLoadAttributes (527ms)
				ProcessInitializeOnLoadMethodAttributes (34ms)
				AfterProcessingInitializeOnLoad (8ms)
				EditorAssembliesLoaded (0ms)
			ExecutionOrderSort2 (0ms)
			AwakeInstancesAfterBackupRestoration (10ms)
Platform modules already initialized, skipping
========================================================================
Worker process is ready to serve import requests
Launched and connected shader compiler UnityShaderCompiler.exe after 0.07 seconds
Refreshing native plugins compatible for Editor in 3.89 ms, found 4 plugins.
Preloading 0 native plugins for Editor in 0.00 ms.
Unloading 6212 Unused Serialized files (Serialized files now loaded: 0)
System memory in use before: 244.9 MB.
System memory in use after: 245.3 MB.

Unloading 32 unused Assets to reduce memory usage. Loaded Objects now: 6668.
Total: 5.728200 ms (FindLiveObjects: 0.663600 ms CreateObjectMapping: 0.451600 ms MarkObjects: 4.510000 ms  DeleteObjects: 0.101300 ms)

AssetImportParameters requested are different than current active one (requested -> active):
  custom:framework-win-MediaFoundation: 216162199b28c13a410421893ffa2e32 -> 
  custom:video-decoder-ogg-theora: a1e56fd34408186e4bbccfd4996cb3dc -> 
  custom:container-muxer-webm: aa71ff27fc2769a1b78a27578f13a17b -> 
  custom:container-demuxer-webm: 4f35f7cbe854078d1ac9338744f61a02 -> 
  custom:container-demuxer-ogg: 62fdf1f143b41e24485cea50d1cbac27 -> 
  custom:video-encoder-webm-vp8: eb34c28f22e8b96e1ab97ce403110664 -> 
  custom:video-codec-MediaFoundation-h265: 746d11721c4dcdbdad8f713fa42b33f4 -> 
  custom:video-decoder-webm-vp8: 9c59270c3fd7afecdb556c50c9e8de78 -> 
  custom:audio-decoder-ogg-vorbis: bf7c407c2cedff20999df2af8eb42d56 -> 
  custom:audio-encoder-webm-vorbis: bf7c407c2cedff20999df2af8eb42d56 -> 
========================================================================
Received Import Request.
  path: Assets/all_UI/UItestWJH/Art Assets/UI/generic-rpg-ui-inventario.png
  artifactKey: Guid(868e54e5423c54f18b26874ee07c449a) Importer(815301076,1909f56bfc062723c751e8b465ee728b)
Start importing Assets/all_UI/UItestWJH/Art Assets/UI/generic-rpg-ui-inventario.png using Guid(868e54e5423c54f18b26874ee07c449a) Importer(815301076,1909f56bfc062723c751e8b465ee728b)  -> (artifact id: 'a68ca837ec8368f9ec5eea04d72787ea') in 0.125133 seconds 
========================================================================
Received Import Request.
  Time since last request: 0.000284 seconds.
  path: Assets/all_UI/UItestWJH/Art Assets/UI/generic-rpg-ui-inventario04.png
  artifactKey: Guid(1f1dab0faa4fc40f8bcac79bebd5a21e) Importer(815301076,1909f56bfc062723c751e8b465ee728b)
Start importing Assets/all_UI/UItestWJH/Art Assets/UI/generic-rpg-ui-inventario04.png using Guid(1f1dab0faa4fc40f8bcac79bebd5a21e) Importer(815301076,1909f56bfc062723c751e8b465ee728b)  -> (artifact id: 'c86dbd0fc0b6a8d0ccdd46b3dd717e14') in 0.015234 seconds 
========================================================================
Received Import Request.
  Time since last request: 0.000288 seconds.
  path: Assets/all_UI/UItestWJH/Art Assets/UI/generic-rpg-ui-inventario02.png
  artifactKey: Guid(0a2592c2f938b48b1b8485993bd7ae18) Importer(815301076,1909f56bfc062723c751e8b465ee728b)
Start importing Assets/all_UI/UItestWJH/Art Assets/UI/generic-rpg-ui-inventario02.png using Guid(0a2592c2f938b48b1b8485993bd7ae18) Importer(815301076,1909f56bfc062723c751e8b465ee728b)  -> (artifact id: 'c04db48f89ea0e358071accaae1c3ad5') in 0.014927 seconds 
========================================================================
Received Import Request.
  Time since last request: 0.000322 seconds.
  path: Assets/all_UI/UItestWJH/Art Assets/UI/generic-rpg-ui-inventario01.png
  artifactKey: Guid(603b134f7ff24448bb89284fe00c6006) Importer(815301076,1909f56bfc062723c751e8b465ee728b)
Start importing Assets/all_UI/UItestWJH/Art Assets/UI/generic-rpg-ui-inventario01.png using Guid(603b134f7ff24448bb89284fe00c6006) Importer(815301076,1909f56bfc062723c751e8b465ee728b)  -> (artifact id: 'b5f2cc259001380732ca0f2ddcdb6205') in 0.011969 seconds 
========================================================================
Received Import Request.
  Time since last request: 0.000288 seconds.
  path: Assets/all_UI/UItestWJH/Art Assets/UI/generic-rpg-ui-text-box.png
  artifactKey: Guid(1fa2be956317846d0b6d2728c55f77da) Importer(815301076,1909f56bfc062723c751e8b465ee728b)
Start importing Assets/all_UI/UItestWJH/Art Assets/UI/generic-rpg-ui-text-box.png using Guid(1fa2be956317846d0b6d2728c55f77da) Importer(815301076,1909f56bfc062723c751e8b465ee728b)  -> (artifact id: '7ffb0294cb226b4e54ce26240c20867c') in 0.017073 seconds 
========================================================================
Received Import Request.
  Time since last request: 0.000280 seconds.
  path: Assets/FunkyCode/Demos - SmartLighting2D/Demos - Intermediate/13 - Day Lighting/Resources/Sprite/Building5.png
  artifactKey: Guid(cf51f0fd29940dc4589057f6b656a7ef) Importer(815301076,1909f56bfc062723c751e8b465ee728b)
Start importing Assets/FunkyCode/Demos - SmartLighting2D/Demos - Intermediate/13 - Day Lighting/Resources/Sprite/Building5.png using Guid(cf51f0fd29940dc4589057f6b656a7ef) Importer(815301076,1909f56bfc062723c751e8b465ee728b)  -> (artifact id: 'af4a88143bf149df2d2abd0faed01292') in 0.034555 seconds 
========================================================================
Received Import Request.
  Time since last request: 0.000377 seconds.
  path: Assets/all_UI/UItestWJH/Art Assets/UI/generic-rpg-ui-inventario03.png
  artifactKey: Guid(1b01823711cfa4db5b8d12bc570a3ed1) Importer(815301076,1909f56bfc062723c751e8b465ee728b)
Start importing Assets/all_UI/UItestWJH/Art Assets/UI/generic-rpg-ui-inventario03.png using Guid(1b01823711cfa4db5b8d12bc570a3ed1) Importer(815301076,1909f56bfc062723c751e8b465ee728b)  -> (artifact id: '5d9dda651a8f5c5ece66f200d6a16d58') in 0.016944 seconds 
========================================================================
Received Import Request.
  Time since last request: 48.590966 seconds.
  path: Assets/Fungus/Scripts/EventHandlers/ToggleChanged.cs
  artifactKey: Guid(b8a46229539b246deb96f8cbfc904fac) Importer(815301076,1909f56bfc062723c751e8b465ee728b)
Start importing Assets/Fungus/Scripts/EventHandlers/ToggleChanged.cs using Guid(b8a46229539b246deb96f8cbfc904fac) Importer(815301076,1909f56bfc062723c751e8b465ee728b)  -> (artifact id: 'cc8274418b3dd439e991644c7d9e5370') in 0.016200 seconds 
========================================================================
Received Import Request.
  Time since last request: 6.329258 seconds.
  path: Assets/Fungus/Scripts/Commands/SetToggleState.cs
  artifactKey: Guid(41ef36697f78e4c6e909d158bd8ccc83) Importer(815301076,1909f56bfc062723c751e8b465ee728b)
Start importing Assets/Fungus/Scripts/Commands/SetToggleState.cs using Guid(41ef36697f78e4c6e909d158bd8ccc83) Importer(815301076,1909f56bfc062723c751e8b465ee728b)  -> (artifact id: '321b59508a9942c4d9bfddfaa3ec7685') in 0.004517 seconds 
========================================================================
Received Import Request.
  Time since last request: 5.320554 seconds.
  path: Assets/Fungus/Scripts/Commands/GetToggleState.cs
  artifactKey: Guid(9750f780c39234a028f87c0016c2d9c0) Importer(815301076,1909f56bfc062723c751e8b465ee728b)
Start importing Assets/Fungus/Scripts/Commands/GetToggleState.cs using Guid(9750f780c39234a028f87c0016c2d9c0) Importer(815301076,1909f56bfc062723c751e8b465ee728b)  -> (artifact id: 'a65bd5db741339f2e7f3f43e3161bfa0') in 0.004335 seconds 
========================================================================
Received Import Request.
  Time since last request: 106.481513 seconds.
  path: Assets/Scripts/torch.cs
  artifactKey: Guid(7a5afb812f0d8c64698a0b900153da4a) Importer(815301076,1909f56bfc062723c751e8b465ee728b)
Start importing Assets/Scripts/torch.cs using Guid(7a5afb812f0d8c64698a0b900153da4a) Importer(815301076,1909f56bfc062723c751e8b465ee728b)  -> (artifact id: 'acc5eef86ff7466e0677a5e584038470') in 0.004934 seconds 
========================================================================
Received Import Request.
  Time since last request: 110.002674 seconds.
  path: Assets/FunkyCode/Demos - SmartLighting2D/Demos - Basics (Overlay)/9 - Tilemap/Basic Tilemap.asset
  artifactKey: Guid(d30f8637befdd3b40880ea7d8e4b6406) Importer(815301076,1909f56bfc062723c751e8b465ee728b)
Start importing Assets/FunkyCode/Demos - SmartLighting2D/Demos - Basics (Overlay)/9 - Tilemap/Basic Tilemap.asset using Guid(d30f8637befdd3b40880ea7d8e4b6406) Importer(815301076,1909f56bfc062723c751e8b465ee728b)  -> (artifact id: '6e35c91303a8635b15748b91b6bf7b16') in 0.011601 seconds 
========================================================================
Received Import Request.
  Time since last request: 0.000320 seconds.
  path: Assets/FunkyCode/Demos - SmartLighting2D/Demos - Materials/2 - Bump Material/BumpMap Profile.asset
  artifactKey: Guid(816541df59c2a494981675c8c6b30a05) Importer(815301076,1909f56bfc062723c751e8b465ee728b)
Start importing Assets/FunkyCode/Demos - SmartLighting2D/Demos - Materials/2 - Bump Material/BumpMap Profile.asset using Guid(816541df59c2a494981675c8c6b30a05) Importer(815301076,1909f56bfc062723c751e8b465ee728b)  -> (artifact id: '2eb10bc03a24ed97b89dacb24e64b225') in 0.006365 seconds 
========================================================================
Received Import Request.
  Time since last request: 0.000288 seconds.
  path: Assets/FunkyCode/Demos - SmartLighting2D/Demos - Intermediate/1 - Demo Dungeon/Resources/Tilemap/Demo Tilemap (Dungeon).prefab
  artifactKey: Guid(1a12e2a482b229242a68a13be22889b3) Importer(815301076,1909f56bfc062723c751e8b465ee728b)
Start importing Assets/FunkyCode/Demos - SmartLighting2D/Demos - Intermediate/1 - Demo Dungeon/Resources/Tilemap/Demo Tilemap (Dungeon).prefab using Guid(1a12e2a482b229242a68a13be22889b3) Importer(815301076,1909f56bfc062723c751e8b465ee728b)  -> (artifact id: 'f40d18153eb5131b874b2214979ff6ee') in 0.294938 seconds 
========================================================================
Received Import Request.
  Time since last request: 0.001038 seconds.
  path: Assets/FunkyCode/Demos - SmartLighting2D/Demos - Intermediate/5 - Race/Resources/Sprites/lam_post-02 _NORMAL MAP.png
  artifactKey: Guid(efd0cd376760bea44b0009c503839e69) Importer(815301076,1909f56bfc062723c751e8b465ee728b)
Start importing Assets/FunkyCode/Demos - SmartLighting2D/Demos - Intermediate/5 - Race/Resources/Sprites/lam_post-02 _NORMAL MAP.png using Guid(efd0cd376760bea44b0009c503839e69) Importer(815301076,1909f56bfc062723c751e8b465ee728b)  -> (artifact id: '68dad11e769286e4987c40fd355194c5') in 0.015901 seconds 
========================================================================
Received Import Request.
  Time since last request: 0.000403 seconds.
  path: Assets/FunkyCode/Demos - SmartLighting2D/Demos - Materials/6 - Multi-Layer Setup/Textures/Floor heightmap.jpg
  artifactKey: Guid(3861373a99f5f4a4e95dcb68933556f4) Importer(815301076,1909f56bfc062723c751e8b465ee728b)
Start importing Assets/FunkyCode/Demos - SmartLighting2D/Demos - Materials/6 - Multi-Layer Setup/Textures/Floor heightmap.jpg using Guid(3861373a99f5f4a4e95dcb68933556f4) Importer(815301076,1909f56bfc062723c751e8b465ee728b)  -> (artifact id: '7f67f9cf912243a110e76ef25d44e855') in 0.020947 seconds 
========================================================================
Received Import Request.
  Time since last request: 0.000343 seconds.
  path: Assets/FunkyCode/Demos - SmartLighting2D/Demos - Materials/7 - Depth Map/Depth Map Profile.asset
  artifactKey: Guid(157be6a60c96f584cbb4cc421241a457) Importer(815301076,1909f56bfc062723c751e8b465ee728b)
Start importing Assets/FunkyCode/Demos - SmartLighting2D/Demos - Materials/7 - Depth Map/Depth Map Profile.asset using Guid(157be6a60c96f584cbb4cc421241a457) Importer(815301076,1909f56bfc062723c751e8b465ee728b)  -> (artifact id: '83e25f1d6d7a9240b7882f8eb5b41e3a') in 0.006301 seconds 
========================================================================
Received Import Request.
  Time since last request: 0.330269 seconds.
  path: Assets/Asset used_WJH/各关卡背景材质/Map.prefab
  artifactKey: Guid(3a51532773cba9f40b1fd716adc2e270) Importer(815301076,1909f56bfc062723c751e8b465ee728b)
Start importing Assets/Asset used_WJH/各关卡背景材质/Map.prefab using Guid(3a51532773cba9f40b1fd716adc2e270) Importer(815301076,1909f56bfc062723c751e8b465ee728b)  -> (artifact id: '17eaf61e1f58a8b6996cda19661233e4') in 0.047816 seconds 
========================================================================
Received Import Request.
  Time since last request: 0.000354 seconds.
  path: Assets/FunkyCode/SmartLighting2D/Resources/Textures/OclussionMap.png
  artifactKey: Guid(aa3d419daa7c36d42be52bff69aadac7) Importer(815301076,1909f56bfc062723c751e8b465ee728b)
Start importing Assets/FunkyCode/SmartLighting2D/Resources/Textures/OclussionMap.png using Guid(aa3d419daa7c36d42be52bff69aadac7) Importer(815301076,1909f56bfc062723c751e8b465ee728b)  -> (artifact id: '4b47be6294759bd6e82d210b2ff738b2') in 0.029857 seconds 
========================================================================
Received Import Request.
  Time since last request: 0.000342 seconds.
  path: Assets/FunkyCode/SmartLighting2D/Resources/Shader Graph/SL2D_Lightmap.shadersubgraph
  artifactKey: Guid(e07845b79fc6c024cb6bdbab32604471) Importer(815301076,1909f56bfc062723c751e8b465ee728b)
Start importing Assets/FunkyCode/SmartLighting2D/Resources/Shader Graph/SL2D_Lightmap.shadersubgraph using Guid(e07845b79fc6c024cb6bdbab32604471) Importer(815301076,1909f56bfc062723c751e8b465ee728b)  -> (artifact id: '646b8b9554fe2a9ece3784830929a39b') in 0.013011 seconds 
========================================================================
Received Import Request.
  Time since last request: 0.000366 seconds.
  path: Assets/FunkyCode/Demos - SmartLighting2D/Demos - Intermediate/12 - Demo Isometric/Resources/Other/normal map.png
  artifactKey: Guid(e913bbc0978665742843fbe2d104ee62) Importer(815301076,1909f56bfc062723c751e8b465ee728b)
Start importing Assets/FunkyCode/Demos - SmartLighting2D/Demos - Intermediate/12 - Demo Isometric/Resources/Other/normal map.png using Guid(e913bbc0978665742843fbe2d104ee62) Importer(815301076,1909f56bfc062723c751e8b465ee728b)  -> (artifact id: '331c142fe4b90dbc8ba585ce62bf799a') in 0.017437 seconds 
========================================================================
Received Import Request.
  Time since last request: 0.000409 seconds.
  path: Assets/FunkyCode/Demos - SmartLighting2D/Demos - Materials/2 - Bump Material/Normal_map_example_-_Map.png
  artifactKey: Guid(c2655a3081756eb41b07c24acb5a4543) Importer(815301076,1909f56bfc062723c751e8b465ee728b)
Start importing Assets/FunkyCode/Demos - SmartLighting2D/Demos - Materials/2 - Bump Material/Normal_map_example_-_Map.png using Guid(c2655a3081756eb41b07c24acb5a4543) Importer(815301076,1909f56bfc062723c751e8b465ee728b)  -> (artifact id: 'a79644957b7cde66c64e1edc1171bf36') in 0.021429 seconds 
========================================================================
Received Import Request.
  Time since last request: 873.016938 seconds.
  path: Assets/Fungus/Scripts/Commands/Property/AnimatorProperty.cs
  artifactKey: Guid(e4616a794b2245d46970401b3acc492f) Importer(815301076,1909f56bfc062723c751e8b465ee728b)
Start importing Assets/Fungus/Scripts/Commands/Property/AnimatorProperty.cs using Guid(e4616a794b2245d46970401b3acc492f) Importer(815301076,1909f56bfc062723c751e8b465ee728b)  -> (artifact id: '7443614e3cae94ac1514cb56b4d19dce') in 0.003119 seconds 
========================================================================
Received Import Request.
  Time since last request: 12.881225 seconds.
  path: Assets/all_UI/UItestWJH/Scripts/PlayerController.cs
  artifactKey: Guid(7109f26dfdfa9465284d8991715c1879) Importer(815301076,1909f56bfc062723c751e8b465ee728b)
Start importing Assets/all_UI/UItestWJH/Scripts/PlayerController.cs using Guid(7109f26dfdfa9465284d8991715c1879) Importer(815301076,1909f56bfc062723c751e8b465ee728b)  -> (artifact id: 'dbb2846ccaaabf798290639d404cc95f') in 0.003391 seconds 
========================================================================
Received Import Request.
  Time since last request: 1.037214 seconds.
  path: Assets/all_UI/UItestWJH/Scripts/TalkButton.cs
  artifactKey: Guid(5291353bd9c8b437dad30c0fd167f1d3) Importer(815301076,1909f56bfc062723c751e8b465ee728b)
Start importing Assets/all_UI/UItestWJH/Scripts/TalkButton.cs using Guid(5291353bd9c8b437dad30c0fd167f1d3) Importer(815301076,1909f56bfc062723c751e8b465ee728b)  -> (artifact id: 'afbcbb853cdaaa44262f687fb1c13887') in 0.003512 seconds 
========================================================================
Received Import Request.
  Time since last request: 77.419020 seconds.
  path: Assets/FunkyCode/SmartLighting2D/Scripts/Rendering/Light/Mask/UnityTilemap.cs
  artifactKey: Guid(a63fcb535a240974eaf1da874c84e029) Importer(815301076,1909f56bfc062723c751e8b465ee728b)
Start importing Assets/FunkyCode/SmartLighting2D/Scripts/Rendering/Light/Mask/UnityTilemap.cs using Guid(a63fcb535a240974eaf1da874c84e029) Importer(815301076,1909f56bfc062723c751e8b465ee728b)  -> (artifact id: '5bf5bd3ac41621feb8927c42abf69d04') in 0.004034 seconds 
========================================================================
Received Import Request.
  Time since last request: 0.524934 seconds.
  path: Assets/FunkyCode/SmartLighting2D/Scripts/Rendering/Light/ShadowEngine/Extensions/UnityTilemap.cs
  artifactKey: Guid(cc9245493473138418c7df835d4128ab) Importer(815301076,1909f56bfc062723c751e8b465ee728b)
Start importing Assets/FunkyCode/SmartLighting2D/Scripts/Rendering/Light/ShadowEngine/Extensions/UnityTilemap.cs using Guid(cc9245493473138418c7df835d4128ab) Importer(815301076,1909f56bfc062723c751e8b465ee728b)  -> (artifact id: '50f670339e44e0154965dbd3671070d9') in 0.003539 seconds 
========================================================================
Received Import Request.
  Time since last request: 0.328263 seconds.
  path: Assets/FunkyCode/SmartUtilities2D/Scripts/Utilities/2D/Vector2D.cs
  artifactKey: Guid(5a08424c4a2ca2445ab86405d803f5fc) Importer(815301076,1909f56bfc062723c751e8b465ee728b)
Start importing Assets/FunkyCode/SmartUtilities2D/Scripts/Utilities/2D/Vector2D.cs using Guid(5a08424c4a2ca2445ab86405d803f5fc) Importer(815301076,1909f56bfc062723c751e8b465ee728b)  -> (artifact id: 'd1e41fde12feb369bcebb42ebcfc54f3') in 0.003357 seconds 
========================================================================
Received Import Request.
  Time since last request: 0.635800 seconds.
  path: Assets/FunkyCode/SmartUtilities2D/Scripts/Utilities/VirtualSpriteRenderer.cs
  artifactKey: Guid(027e4d86d9784e1448cb3d985ae3a9b7) Importer(815301076,1909f56bfc062723c751e8b465ee728b)
Start importing Assets/FunkyCode/SmartUtilities2D/Scripts/Utilities/VirtualSpriteRenderer.cs using Guid(027e4d86d9784e1448cb3d985ae3a9b7) Importer(815301076,1909f56bfc062723c751e8b465ee728b)  -> (artifact id: 'e0463e8350021460587b754859c2e788') in 0.003885 seconds 
========================================================================
Received Import Request.
  Time since last request: 0.937944 seconds.
  path: Assets/FunkyCode/SmartUtilities2D/Scripts/Triangulation/Advanced Triangulator/TriangulationAlgorithm.cs
  artifactKey: Guid(4e9793974e1cce449a392bc58819edbb) Importer(815301076,1909f56bfc062723c751e8b465ee728b)
Start importing Assets/FunkyCode/SmartUtilities2D/Scripts/Triangulation/Advanced Triangulator/TriangulationAlgorithm.cs using Guid(4e9793974e1cce449a392bc58819edbb) Importer(815301076,1909f56bfc062723c751e8b465ee728b)  -> (artifact id: '8226e6072abe68cb3309e6cefc400760') in 0.003722 seconds 
========================================================================
Received Import Request.
  Time since last request: 0.522049 seconds.
  path: Assets/FunkyCode/SmartUtilities2D/Scripts/Triangulation/Advanced Triangulator/TriangulationAlgorithmUtility.cs
  artifactKey: Guid(188eaf8b301faa34e97b5e581334fe4c) Importer(815301076,1909f56bfc062723c751e8b465ee728b)
Start importing Assets/FunkyCode/SmartUtilities2D/Scripts/Triangulation/Advanced Triangulator/TriangulationAlgorithmUtility.cs using Guid(188eaf8b301faa34e97b5e581334fe4c) Importer(815301076,1909f56bfc062723c751e8b465ee728b)  -> (artifact id: '8927fb96cb50fe26959c8d159b764c49') in 0.003419 seconds 
========================================================================
Received Import Request.
  Time since last request: 55.501931 seconds.
  path: Assets/HealthHeartSystem/Scripts/HealthBarHUDTester.cs
  artifactKey: Guid(dcf2586f5b209a045af9dff869aa39f4) Importer(815301076,1909f56bfc062723c751e8b465ee728b)
Start importing Assets/HealthHeartSystem/Scripts/HealthBarHUDTester.cs using Guid(dcf2586f5b209a045af9dff869aa39f4) Importer(815301076,1909f56bfc062723c751e8b465ee728b)  -> (artifact id: 'b94579020acc0bd2126b038bee0ea243') in 0.003524 seconds 
========================================================================
Received Import Request.
  Time since last request: 21.802705 seconds.
  path: Assets/FunkyCode/SmartLighting2D/Scripts/Event Handling/Base.cs
  artifactKey: Guid(93749f6b3ebdb0345a1d074843229747) Importer(815301076,1909f56bfc062723c751e8b465ee728b)
Start importing Assets/FunkyCode/SmartLighting2D/Scripts/Event Handling/Base.cs using Guid(93749f6b3ebdb0345a1d074843229747) Importer(815301076,1909f56bfc062723c751e8b465ee728b)  -> (artifact id: '656a8b79796bd3a6de19604fa381db25') in 0.003492 seconds 
========================================================================
Received Import Request.
  Time since last request: 3.046598 seconds.
  path: Assets/FunkyCode/SmartLighting2D/Scripts/Components/LightTilemap2D/Types/Base.cs
  artifactKey: Guid(7876afa0d436f0447bb3aeca93f4192c) Importer(815301076,1909f56bfc062723c751e8b465ee728b)
Start importing Assets/FunkyCode/SmartLighting2D/Scripts/Components/LightTilemap2D/Types/Base.cs using Guid(7876afa0d436f0447bb3aeca93f4192c) Importer(815301076,1909f56bfc062723c751e8b465ee728b)  -> (artifact id: 'f69eef980ad51322987f67232640a1af') in 0.002917 seconds 
========================================================================
Received Import Request.
  Time since last request: 10.496173 seconds.
  path: Assets/FunkyCode/SmartUtilities2D/Scripts/UI/UITextScale.cs
  artifactKey: Guid(11307f9ab6adf0e4ebea70f6ede8ded4) Importer(815301076,1909f56bfc062723c751e8b465ee728b)
Start importing Assets/FunkyCode/SmartUtilities2D/Scripts/UI/UITextScale.cs using Guid(11307f9ab6adf0e4ebea70f6ede8ded4) Importer(815301076,1909f56bfc062723c751e8b465ee728b)  -> (artifact id: 'a8b7645b068bab063a84cefdd45fbcb5') in 0.003896 seconds 
AssetImportWorkerClient::OnTransportError - code=2 error=End of file
