Using pre-set license
Built from '2021.1/china_unity/release' branch; Version is '2021.1.23f1c1 (459f52f28315) revision 4562770'; Using compiler version '192528614'; Build Type 'Release'
OS: 'Windows 10 Home China; OS build 22000.675; Version 2009; 64bit' Language: 'zh' Physical Memory: 32160 MB
BatchMode: 1, IsHumanControllingUs: 0, StartBugReporterOnCrash: 0, Is64bit: 1, IsPro: 0

COMMAND LINE ARGUMENTS:
C:\Program Files\Unity\Hub\Editor\2021.1.23f1c1\Editor\Unity.exe
-adb2
-batchMode
-noUpm
-name
AssetImportWorker0
-projectPath
C:/Users/Marcus/source/repos/GravityThief/Gravity Thief Pro - 副本
-logFile
Logs/AssetImportWorker0.log
-srvPort
64208
Successfully changed project path to: C:/Users/Marcus/source/repos/GravityThief/Gravity Thief Pro - 副本
C:/Users/Marcus/source/repos/GravityThief/Gravity Thief Pro - 副本
Using Asset Import Pipeline V2.
Refreshing native plugins compatible for Editor in 292.97 ms, found 4 plugins.
Preloading 0 native plugins for Editor in 0.00 ms.
Initialize engine version: 2021.1.23f1c1 (459f52f28315)
[Subsystems] Discovering subsystems at path C:/Program Files/Unity/Hub/Editor/2021.1.23f1c1/Editor/Data/Resources/UnitySubsystems
[Subsystems] Discovering subsystems at path C:/Users/Marcus/source/repos/GravityThief/Gravity Thief Pro - 副本/Assets
GfxDevice: creating device client; threaded=0; jobified=0
Direct3D:
    Version:  Direct3D 11.0 [level 11.1]
    Renderer: NVIDIA GeForce RTX 3080 Laptop GPU (ID=0x249c)
    Vendor:   NVIDIA
    VRAM:     16191 MB
    Driver:   31.0.15.2647
Initialize mono
Mono path[0] = 'C:/Program Files/Unity/Hub/Editor/2021.1.23f1c1/Editor/Data/Managed'
Mono path[1] = 'C:/Program Files/Unity/Hub/Editor/2021.1.23f1c1/Editor/Data/MonoBleedingEdge/lib/mono/unityjit'
Mono config path = 'C:/Program Files/Unity/Hub/Editor/2021.1.23f1c1/Editor/Data/MonoBleedingEdge/etc'
Using monoOptions --debugger-agent=transport=dt_socket,embedding=1,server=y,suspend=n,address=127.0.0.1:56148
Begin MonoManager ReloadAssembly
Registering precompiled unity dll's ...
Register platform support module: C:/Program Files/Unity/Hub/Editor/2021.1.23f1c1/Editor/Data/PlaybackEngines/MacStandaloneSupport/UnityEditor.OSXStandalone.Extensions.dll
Register platform support module: C:/Program Files/Unity/Hub/Editor/2021.1.23f1c1/Editor/Data/PlaybackEngines/WindowsStandaloneSupport/UnityEditor.WindowsStandalone.Extensions.dll
Register platform support module: C:/Program Files/Unity/Hub/Editor/2021.1.23f1c1/Editor/Data/PlaybackEngines/LinuxStandaloneSupport/UnityEditor.LinuxStandalone.Extensions.dll
Registered in 0.004078 seconds.
Native extension for LinuxStandalone target not found
Native extension for WindowsStandalone target not found
Native extension for OSXStandalone target not found
Refreshing native plugins compatible for Editor in 295.11 ms, found 4 plugins.
Preloading 0 native plugins for Editor in 0.00 ms.
Mono: successfully reloaded assembly
- Completed reload, in  3.546 seconds
Domain Reload Profiling:
	ReloadAssembly (3546ms)
		BeginReloadAssembly (59ms)
			ExecutionOrderSort (0ms)
			DisableScriptedObjects (0ms)
			BackupInstance (0ms)
			ReleaseScriptingObjects (0ms)
			CreateAndSetChildDomain (1ms)
		EndReloadAssembly (675ms)
			LoadAssemblies (58ms)
			RebuildTransferFunctionScriptingTraits (0ms)
			SetupTypeCache (138ms)
			ReleaseScriptCaches (0ms)
			RebuildScriptCaches (30ms)
			SetupLoadedEditorAssemblies (453ms)
				LogAssemblyErrors (0ms)
				InitializePlatformSupportModulesInManaged (10ms)
				SetLoadedEditorAssemblies (0ms)
				RefreshPlugins (295ms)
				BeforeProcessingInitializeOnLoad (2ms)
				ProcessInitializeOnLoadAttributes (102ms)
				ProcessInitializeOnLoadMethodAttributes (43ms)
				AfterProcessingInitializeOnLoad (0ms)
				EditorAssembliesLoaded (0ms)
			ExecutionOrderSort2 (0ms)
			AwakeInstancesAfterBackupRestoration (0ms)
Platform modules already initialized, skipping
Registering precompiled user dll's ...
Registered in 0.016562 seconds.
Begin MonoManager ReloadAssembly
Symbol file LoadedFromMemory doesn't match image C:\Users\Marcus\source\repos\GravityThief\Gravity Thief Pro - 副本\Library\PackageCache\com.unity.visualscripting@1.6.1\Editor\VisualScripting.Core\Dependencies\YamlDotNet\Unity.VisualScripting.YamlDotNet.dll
Symbol file LoadedFromMemory doesn't match image C:\Users\Marcus\source\repos\GravityThief\Gravity Thief Pro - 副本\Library\PackageCache\com.unity.visualscripting@1.6.1\Editor\VisualScripting.Core\Dependencies\DotNetZip\Unity.VisualScripting.IonicZip.dll
Native extension for LinuxStandalone target not found
Native extension for WindowsStandalone target not found
Native extension for OSXStandalone target not found
Refreshing native plugins compatible for Editor in 283.75 ms, found 4 plugins.
Preloading 0 native plugins for Editor in 0.00 ms.
Mono: successfully reloaded assembly
- Completed reload, in  1.660 seconds
Domain Reload Profiling:
	ReloadAssembly (1660ms)
		BeginReloadAssembly (148ms)
			ExecutionOrderSort (0ms)
			DisableScriptedObjects (5ms)
			BackupInstance (0ms)
			ReleaseScriptingObjects (0ms)
			CreateAndSetChildDomain (27ms)
		EndReloadAssembly (1455ms)
			LoadAssemblies (129ms)
			RebuildTransferFunctionScriptingTraits (0ms)
			SetupTypeCache (390ms)
			ReleaseScriptCaches (1ms)
			RebuildScriptCaches (92ms)
			SetupLoadedEditorAssemblies (742ms)
				LogAssemblyErrors (0ms)
				InitializePlatformSupportModulesInManaged (8ms)
				SetLoadedEditorAssemblies (0ms)
				RefreshPlugins (284ms)
				BeforeProcessingInitializeOnLoad (128ms)
				ProcessInitializeOnLoadAttributes (297ms)
				ProcessInitializeOnLoadMethodAttributes (20ms)
				AfterProcessingInitializeOnLoad (6ms)
				EditorAssembliesLoaded (0ms)
			ExecutionOrderSort2 (0ms)
			AwakeInstancesAfterBackupRestoration (6ms)
Platform modules already initialized, skipping
========================================================================
Worker process is ready to serve import requests
Launched and connected shader compiler UnityShaderCompiler.exe after 0.07 seconds
Refreshing native plugins compatible for Editor in 3.78 ms, found 4 plugins.
Preloading 0 native plugins for Editor in 0.00 ms.
Unloading 6213 Unused Serialized files (Serialized files now loaded: 0)
System memory in use before: 244.9 MB.
System memory in use after: 245.4 MB.

Unloading 32 unused Assets to reduce memory usage. Loaded Objects now: 6668.
Total: 5.292600 ms (FindLiveObjects: 0.594700 ms CreateObjectMapping: 0.585300 ms MarkObjects: 4.013200 ms  DeleteObjects: 0.097900 ms)

AssetImportParameters requested are different than current active one (requested -> active):
  custom:framework-win-MediaFoundation: 216162199b28c13a410421893ffa2e32 -> 
  custom:video-decoder-ogg-theora: a1e56fd34408186e4bbccfd4996cb3dc -> 
  custom:container-muxer-webm: aa71ff27fc2769a1b78a27578f13a17b -> 
  custom:container-demuxer-webm: 4f35f7cbe854078d1ac9338744f61a02 -> 
  custom:container-demuxer-ogg: 62fdf1f143b41e24485cea50d1cbac27 -> 
  custom:video-encoder-webm-vp8: eb34c28f22e8b96e1ab97ce403110664 -> 
  custom:video-codec-MediaFoundation-h265: 746d11721c4dcdbdad8f713fa42b33f4 -> 
  custom:video-decoder-webm-vp8: 9c59270c3fd7afecdb556c50c9e8de78 -> 
  custom:audio-decoder-ogg-vorbis: bf7c407c2cedff20999df2af8eb42d56 -> 
  custom:audio-encoder-webm-vorbis: bf7c407c2cedff20999df2af8eb42d56 -> 
========================================================================
Received Import Request.
  path: Assets/Scenes/Main1_ZYF.unity
  artifactKey: Guid(8ad82b4b5a33ea64a93a9daa8dac25f7) Importer(815301076,1909f56bfc062723c751e8b465ee728b)
Start importing Assets/Scenes/Main1_ZYF.unity using Guid(8ad82b4b5a33ea64a93a9daa8dac25f7) Importer(815301076,1909f56bfc062723c751e8b465ee728b)  -> (artifact id: '6af03bee495f61803322bf25860c3840') in 0.021053 seconds 
========================================================================
Received Import Request.
  Time since last request: 0.000282 seconds.
  path: Assets/Scenes/Start.unity
  artifactKey: Guid(b4169aada64ba574aac74b382ffabd55) Importer(815301076,1909f56bfc062723c751e8b465ee728b)
Start importing Assets/Scenes/Start.unity using Guid(b4169aada64ba574aac74b382ffabd55) Importer(815301076,1909f56bfc062723c751e8b465ee728b)  -> (artifact id: '85ba3cfd9e5bf620fd09e3e2251ededa') in 0.004694 seconds 
========================================================================
Received Prepare
Refreshing native plugins compatible for Editor in 8.25 ms, found 4 plugins.
Preloading 0 native plugins for Editor in 0.00 ms.
Unloading 18 Unused Serialized files (Serialized files now loaded: 0)
System memory in use before: 110.5 MB.
System memory in use after: 110.9 MB.

Unloading 18 unused Assets to reduce memory usage. Loaded Objects now: 6668.
Total: 5.027900 ms (FindLiveObjects: 0.601600 ms CreateObjectMapping: 0.183400 ms MarkObjects: 4.223300 ms  DeleteObjects: 0.018800 ms)

AssetImportParameters requested are different than current active one (requested -> active):
  custom:framework-win-MediaFoundation: 216162199b28c13a410421893ffa2e32 -> 
  custom:video-decoder-ogg-theora: a1e56fd34408186e4bbccfd4996cb3dc -> 
  custom:container-muxer-webm: aa71ff27fc2769a1b78a27578f13a17b -> 
  custom:container-demuxer-webm: 4f35f7cbe854078d1ac9338744f61a02 -> 
  custom:container-demuxer-ogg: 62fdf1f143b41e24485cea50d1cbac27 -> 
  custom:video-encoder-webm-vp8: eb34c28f22e8b96e1ab97ce403110664 -> 
  custom:video-codec-MediaFoundation-h265: 746d11721c4dcdbdad8f713fa42b33f4 -> 
  custom:video-decoder-webm-vp8: 9c59270c3fd7afecdb556c50c9e8de78 -> 
  custom:audio-decoder-ogg-vorbis: bf7c407c2cedff20999df2af8eb42d56 -> 
  custom:audio-encoder-webm-vorbis: bf7c407c2cedff20999df2af8eb42d56 -> 
========================================================================
Received Import Request.
  Time since last request: 1609.983178 seconds.
  path: Assets/Scenes/TD_8.unity
  artifactKey: Guid(0130ff6c90c7a244bb192234b7e7ef82) Importer(815301076,1909f56bfc062723c751e8b465ee728b)
Start importing Assets/Scenes/TD_8.unity using Guid(0130ff6c90c7a244bb192234b7e7ef82) Importer(815301076,1909f56bfc062723c751e8b465ee728b)  -> (artifact id: 'e4bef3f2c516c50d58625268159e39a3') in 0.010886 seconds 
========================================================================
Received Import Request.
  Time since last request: 152.794672 seconds.
  path: Assets/Scripts/BGMplayer.cs
  artifactKey: Guid(d95c11907dfeb8343a90f3504f3e7cdf) Importer(815301076,1909f56bfc062723c751e8b465ee728b)
Start importing Assets/Scripts/BGMplayer.cs using Guid(d95c11907dfeb8343a90f3504f3e7cdf) Importer(815301076,1909f56bfc062723c751e8b465ee728b)  -> (artifact id: '1095e72058ba044b4ef1407ddd46be74') in 0.039290 seconds 
========================================================================
Received Import Request.
  Time since last request: 18.497613 seconds.
  path: Assets/Asian Fantasy Music Pack/Music/AF_Disaster Looms_Short_2_Loop.wav
  artifactKey: Guid(16341ed80b9a2465cb3f2871473d955f) Importer(815301076,1909f56bfc062723c751e8b465ee728b)
Start importing Assets/Asian Fantasy Music Pack/Music/AF_Disaster Looms_Short_2_Loop.wav using Guid(16341ed80b9a2465cb3f2871473d955f) Importer(815301076,1909f56bfc062723c751e8b465ee728b)  -> (artifact id: '31c051d2c4b7948bbf471a08bb9c63b4') in 0.079430 seconds 
========================================================================
Received Import Request.
  Time since last request: 0.000339 seconds.
  path: Assets/Asian Fantasy Music Pack/Music/AF_Disaster_Looms_FULL_Loop.wav
  artifactKey: Guid(70ac3e9e546f447d2b3d3e0d96c11f2f) Importer(815301076,1909f56bfc062723c751e8b465ee728b)
Start importing Assets/Asian Fantasy Music Pack/Music/AF_Disaster_Looms_FULL_Loop.wav using Guid(70ac3e9e546f447d2b3d3e0d96c11f2f) Importer(815301076,1909f56bfc062723c751e8b465ee728b)  -> (artifact id: '14b8c0966b876a866c0f74a37e27362a') in 0.013728 seconds 
========================================================================
Received Import Request.
  Time since last request: 0.000326 seconds.
  path: Assets/Asian Fantasy Music Pack/Stingers and Jingles/AF_Lose_Jingle.wav
  artifactKey: Guid(a226d1a85dfc9477cb8b75480a3825e8) Importer(815301076,1909f56bfc062723c751e8b465ee728b)
Start importing Assets/Asian Fantasy Music Pack/Stingers and Jingles/AF_Lose_Jingle.wav using Guid(a226d1a85dfc9477cb8b75480a3825e8) Importer(815301076,1909f56bfc062723c751e8b465ee728b)  -> (artifact id: 'a51d017f5de519b1b1bb50e9986413af') in 0.014171 seconds 
========================================================================
Received Import Request.
  Time since last request: 0.000390 seconds.
  path: Assets/Asian Fantasy Music Pack/Stingers and Jingles/AF_Negative_Stinger_02.wav
  artifactKey: Guid(833162ce44fb24e81a9f9f86a23e3a4b) Importer(815301076,1909f56bfc062723c751e8b465ee728b)
Start importing Assets/Asian Fantasy Music Pack/Stingers and Jingles/AF_Negative_Stinger_02.wav using Guid(833162ce44fb24e81a9f9f86a23e3a4b) Importer(815301076,1909f56bfc062723c751e8b465ee728b)  -> (artifact id: '5e0894e6e91b46d463217db855b56899') in 0.015546 seconds 
========================================================================
Received Import Request.
  Time since last request: 0.000381 seconds.
  path: Assets/Asian Fantasy Music Pack/Music/AF_Evil_Empress_FULL_Loop.wav
  artifactKey: Guid(504914565a6f24722975c36560256987) Importer(815301076,1909f56bfc062723c751e8b465ee728b)
Start importing Assets/Asian Fantasy Music Pack/Music/AF_Evil_Empress_FULL_Loop.wav using Guid(504914565a6f24722975c36560256987) Importer(815301076,1909f56bfc062723c751e8b465ee728b)  -> (artifact id: 'd3ab1364e9f7463a4c8284782f75fad4') in 0.013397 seconds 
========================================================================
Received Import Request.
  Time since last request: 0.000262 seconds.
  path: Assets/Asian Fantasy Music Pack/Music/AF_Evil_Empress_AltVer_Loop.wav
  artifactKey: Guid(0412d797843634411838506304ed9796) Importer(815301076,1909f56bfc062723c751e8b465ee728b)
Start importing Assets/Asian Fantasy Music Pack/Music/AF_Evil_Empress_AltVer_Loop.wav using Guid(0412d797843634411838506304ed9796) Importer(815301076,1909f56bfc062723c751e8b465ee728b)  -> (artifact id: '786aa6f4ada57179c3e91174f79014d5') in 0.014052 seconds 
========================================================================
Received Import Request.
  Time since last request: 0.000355 seconds.
  path: Assets/Asian Fantasy Music Pack/Stingers and Jingles/AF_Negative_Stinger_01.wav
  artifactKey: Guid(41f6c8f4b4c7e4c408ad23758b861c1d) Importer(815301076,1909f56bfc062723c751e8b465ee728b)
Start importing Assets/Asian Fantasy Music Pack/Stingers and Jingles/AF_Negative_Stinger_01.wav using Guid(41f6c8f4b4c7e4c408ad23758b861c1d) Importer(815301076,1909f56bfc062723c751e8b465ee728b)  -> (artifact id: '480b224568f8ca80777d75b108ae24cb') in 0.013343 seconds 
========================================================================
Received Import Request.
  Time since last request: 0.776939 seconds.
  path: Assets/Asian Fantasy Music Pack/Music/AF_Disaster Looms_Short_1_Loop.wav
  artifactKey: Guid(e58a72e9ed6034ca0a9ddf1355071dff) Importer(815301076,1909f56bfc062723c751e8b465ee728b)
Start importing Assets/Asian Fantasy Music Pack/Music/AF_Disaster Looms_Short_1_Loop.wav using Guid(e58a72e9ed6034ca0a9ddf1355071dff) Importer(815301076,1909f56bfc062723c751e8b465ee728b)  -> (artifact id: '0222086fe1865ec3d8a895b2db95926f') in 0.011996 seconds 
========================================================================
Received Import Request.
  Time since last request: 0.005950 seconds.
  path: Assets/Asian Fantasy Music Pack/Music/AF_Oriental_Love_Theme_FULL_End.wav
  artifactKey: Guid(969324ee588c64ceba16f7bf954974cd) Importer(815301076,1909f56bfc062723c751e8b465ee728b)
Start importing Assets/Asian Fantasy Music Pack/Music/AF_Oriental_Love_Theme_FULL_End.wav using Guid(969324ee588c64ceba16f7bf954974cd) Importer(815301076,1909f56bfc062723c751e8b465ee728b)  -> (artifact id: '99636104f4b6b6fbd57d58c8258689af') in 0.012686 seconds 
========================================================================
Received Import Request.
  Time since last request: 0.000322 seconds.
  path: Assets/Asian Fantasy Music Pack/Music/AF_Oriental_Love_Theme_Piano_Loop.wav
  artifactKey: Guid(05a067e179e4c474e8c9610b5a00c0dd) Importer(815301076,1909f56bfc062723c751e8b465ee728b)
Start importing Assets/Asian Fantasy Music Pack/Music/AF_Oriental_Love_Theme_Piano_Loop.wav using Guid(05a067e179e4c474e8c9610b5a00c0dd) Importer(815301076,1909f56bfc062723c751e8b465ee728b)  -> (artifact id: '3fa35b24b4098804fadbd930ebc2da7a') in 0.012025 seconds 
========================================================================
Received Import Request.
  Time since last request: 0.000339 seconds.
  path: Assets/Asian Fantasy Music Pack/Music/AF_Southern_Village_FULL_Loop.wav
  artifactKey: Guid(81d3d8f9539bf4b8ab91f304a230ee49) Importer(815301076,1909f56bfc062723c751e8b465ee728b)
Start importing Assets/Asian Fantasy Music Pack/Music/AF_Southern_Village_FULL_Loop.wav using Guid(81d3d8f9539bf4b8ab91f304a230ee49) Importer(815301076,1909f56bfc062723c751e8b465ee728b)  -> (artifact id: '3cc3c13c454f39c415539c3939743b14') in 0.014788 seconds 
========================================================================
Received Import Request.
  Time since last request: 0.000398 seconds.
  path: Assets/Asian Fantasy Music Pack/Music/AF_Oriental_Love_Theme_Lite_End.wav
  artifactKey: Guid(f8e38044cda014cb680141246ea776cd) Importer(815301076,1909f56bfc062723c751e8b465ee728b)
Start importing Assets/Asian Fantasy Music Pack/Music/AF_Oriental_Love_Theme_Lite_End.wav using Guid(f8e38044cda014cb680141246ea776cd) Importer(815301076,1909f56bfc062723c751e8b465ee728b)  -> (artifact id: '066c37b81db4610fc8a67033ab4966c1') in 0.014403 seconds 
========================================================================
Received Import Request.
  Time since last request: 0.000345 seconds.
  path: Assets/Asian Fantasy Music Pack/Music/AF_Oriental_Love_Theme_Short_Loop.wav
  artifactKey: Guid(0d9cff6a18f634b4788e7cb8c48b4f16) Importer(815301076,1909f56bfc062723c751e8b465ee728b)
Start importing Assets/Asian Fantasy Music Pack/Music/AF_Oriental_Love_Theme_Short_Loop.wav using Guid(0d9cff6a18f634b4788e7cb8c48b4f16) Importer(815301076,1909f56bfc062723c751e8b465ee728b)  -> (artifact id: 'c4e062944d864dc76f4dcc838e22d646') in 0.012702 seconds 
AssetImportWorkerClient::OnTransportError - code=2 error=End of file
